#
# There is insufficient memory for the Java Runtime Environment to continue.
# Native memory allocation (malloc) failed to allocate 32744 bytes. Error detail: ChunkPool::allocate
# Possible reasons:
#   The system is out of physical RAM or swap space
#   This process is running with CompressedOops enabled, and the Java Heap may be blocking the growth of the native heap
# Possible solutions:
#   Reduce memory load on the system
#   Increase physical memory or swap space
#   Check if swap backing store is full
#   Decrease Java heap size (-Xmx/-Xms)
#   Decrease number of Java threads
#   Decrease Java thread stack sizes (-Xss)
#   Set larger code cache with -XX:ReservedCodeCacheSize=
#   JVM is running with Unscaled Compressed Oops mode in which the Java heap is
#     placed in the first 4GB address space. The Java Heap base address is the
#     maximum limit for the native heap growth. Please use -XX:HeapBaseMinAddress
#     to set the Java Heap base and to place the Java Heap above 4GB virtual address.
# This output file may be truncated or incomplete.
#
#  Out of Memory Error (arena.cpp:79), pid=21604, tid=25820
#
# JRE version: OpenJDK Runtime Environment Zulu17.58+21-CA (17.0.15+6) (build 17.0.15+6-LTS)
# Java VM: OpenJDK 64-Bit Server VM Zulu17.58+21-CA (17.0.15+6-LTS, mixed mode, sharing, tiered, compressed oops, compressed class ptrs, g1 gc, windows-amd64)
# No core dump will be written. Minidumps are not enabled by default on client versions of Windows
#

---------------  S U M M A R Y ------------

Command Line: --add-opens=java.base/java.lang=ALL-UNNAMED --add-opens=java.base/java.lang.invoke=ALL-UNNAMED --add-opens=java.base/java.util=ALL-UNNAMED --add-opens=java.prefs/java.util.prefs=ALL-UNNAMED --add-exports=jdk.compiler/com.sun.tools.javac.api=ALL-UNNAMED --add-exports=jdk.compiler/com.sun.tools.javac.util=ALL-UNNAMED --add-opens=java.base/java.util=ALL-UNNAMED --add-opens=java.prefs/java.util.prefs=ALL-UNNAMED --add-opens=java.base/java.nio.charset=ALL-UNNAMED --add-opens=java.base/java.net=ALL-UNNAMED --add-opens=java.base/java.util.concurrent.atomic=ALL-UNNAMED --add-opens=java.xml/javax.xml.namespace=ALL-UNNAMED -XX:MaxMetaspaceSize=384m -XX:+HeapDumpOnOutOfMemoryError -Xms256m -Xmx512m -Dfile.encoding=UTF-8 -Duser.country=KR -Duser.language=ko -Duser.variant -javaagent:C:\Users\seyan\.gradle\wrapper\dists\gradle-8.14.2-bin\2pb3mgt1p815evrl3weanttgr\gradle-8.14.2\lib\agents\gradle-instrumentation-agent-8.14.2.jar org.gradle.launcher.daemon.bootstrap.GradleDaemon 8.14.2

Host: Intel(R) Core(TM) i3-8145U CPU @ 2.10GHz, 4 cores, 7G,  Windows 11 , 64 bit Build 26100 (10.0.26100.4202)
Time: Tue Jul  8 12:39:25 2025  Windows 11 , 64 bit Build 26100 (10.0.26100.4202) elapsed time: 484.098360 seconds (0d 0h 8m 4s)

---------------  T H R E A D  ---------------

Current thread (0x0000022ced4aefc0):  JavaThread "C2 CompilerThread0" daemon [_thread_in_native, id=25820, stack(0x000000f3fab00000,0x000000f3fac00000)]


Current CompileTask:
C2: 484099 3737       4       org.gradle.launcher.daemon.context.DefaultDaemonContext$Serializer::read (229 bytes)

Stack: [0x000000f3fab00000,0x000000f3fac00000]
Native frames: (J=compiled Java code, j=interpreted, Vv=VM code, C=native code)
V  [jvm.dll+0x685b79]
V  [jvm.dll+0x83d7fa]
V  [jvm.dll+0x83f2be]
V  [jvm.dll+0x83f923]
V  [jvm.dll+0x24c54f]
V  [jvm.dll+0xacc51]
V  [jvm.dll+0xad09c]
V  [jvm.dll+0x11fd68]
V  [jvm.dll+0x6af5a9]
V  [jvm.dll+0x1bdb5e]
V  [jvm.dll+0x21b2e9]
V  [jvm.dll+0x21a5d1]
V  [jvm.dll+0x1a5fad]
V  [jvm.dll+0x22a34e]
V  [jvm.dll+0x2284cc]
V  [jvm.dll+0x7f26f7]
V  [jvm.dll+0x7ecc0c]
V  [jvm.dll+0x684a47]
C  [ucrtbase.dll+0x37b0]
C  [KERNEL32.DLL+0x2e8d7]
C  [ntdll.dll+0x3c34c]


---------------  P R O C E S S  ---------------

Threads class SMR info:
_java_thread_list=0x0000022cf49d2400, length=30, elements={
0x0000022cd3057c90, 0x0000022ced493c40, 0x0000022ced495a20, 0x0000022ced4aa940,
0x0000022ced4ad220, 0x0000022ced4adaf0, 0x0000022ced4ae3c0, 0x0000022ced4aefc0,
0x0000022ced4feaa0, 0x0000022ced4b7fc0, 0x0000022ced479e70, 0x0000022ced6ec6b0,
0x0000022cf31aeba0, 0x0000022cf29047f0, 0x0000022cf34f4a10, 0x0000022cf283fb20,
0x0000022cf2789840, 0x0000022cf293ad80, 0x0000022cf293a360, 0x0000022cf293a870,
0x0000022cf2939e50, 0x0000022cf293b290, 0x0000022cf2938f20, 0x0000022cf2939940,
0x0000022cf2937ae0, 0x0000022cf29d7910, 0x0000022cf29d64d0, 0x0000022cf29d8d50,
0x0000022cf29d7400, 0x0000022cf29d8840
}

Java Threads: ( => current thread )
  0x0000022cd3057c90 JavaThread "main" [_thread_blocked, id=25284, stack(0x000000f3f9e00000,0x000000f3f9f00000)]
  0x0000022ced493c40 JavaThread "Reference Handler" daemon [_thread_blocked, id=25764, stack(0x000000f3fa500000,0x000000f3fa600000)]
  0x0000022ced495a20 JavaThread "Finalizer" daemon [_thread_blocked, id=25768, stack(0x000000f3fa600000,0x000000f3fa700000)]
  0x0000022ced4aa940 JavaThread "Signal Dispatcher" daemon [_thread_blocked, id=25804, stack(0x000000f3fa700000,0x000000f3fa800000)]
  0x0000022ced4ad220 JavaThread "Attach Listener" daemon [_thread_blocked, id=25808, stack(0x000000f3fa800000,0x000000f3fa900000)]
  0x0000022ced4adaf0 JavaThread "Service Thread" daemon [_thread_blocked, id=25812, stack(0x000000f3fa900000,0x000000f3faa00000)]
  0x0000022ced4ae3c0 JavaThread "Monitor Deflation Thread" daemon [_thread_blocked, id=25816, stack(0x000000f3faa00000,0x000000f3fab00000)]
=>0x0000022ced4aefc0 JavaThread "C2 CompilerThread0" daemon [_thread_in_native, id=25820, stack(0x000000f3fab00000,0x000000f3fac00000)]
  0x0000022ced4feaa0 JavaThread "C1 CompilerThread0" daemon [_thread_blocked, id=25840, stack(0x000000f3fac00000,0x000000f3fad00000)]
  0x0000022ced4b7fc0 JavaThread "Sweeper thread" daemon [_thread_blocked, id=25848, stack(0x000000f3fad00000,0x000000f3fae00000)]
  0x0000022ced479e70 JavaThread "Common-Cleaner" daemon [_thread_blocked, id=25884, stack(0x000000f3fae00000,0x000000f3faf00000)]
  0x0000022ced6ec6b0 JavaThread "Notification Thread" daemon [_thread_blocked, id=26172, stack(0x000000f3faf00000,0x000000f3fb000000)]
  0x0000022cf31aeba0 JavaThread "Daemon health stats" [_thread_blocked, id=13024, stack(0x000000f3fb400000,0x000000f3fb500000)]
  0x0000022cf29047f0 JavaThread "Incoming local TCP Connector on port 49919" [_thread_in_native, id=18772, stack(0x000000f3fb600000,0x000000f3fb700000)]
  0x0000022cf34f4a10 JavaThread "Daemon periodic checks" [_thread_blocked, id=25824, stack(0x000000f3fb700000,0x000000f3fb800000)]
  0x0000022cf283fb20 JavaThread "Daemon" [_thread_blocked, id=21308, stack(0x000000f3fb800000,0x000000f3fb900000)]
  0x0000022cf2789840 JavaThread "Handler for socket connection from /127.0.0.1:49919 to /127.0.0.1:49924" [_thread_in_native, id=11640, stack(0x000000f3fb900000,0x000000f3fba00000)]
  0x0000022cf293ad80 JavaThread "Cancel handler" [_thread_blocked, id=1304, stack(0x000000f3fba00000,0x000000f3fbb00000)]
  0x0000022cf293a360 JavaThread "Daemon worker" [_thread_in_Java, id=14588, stack(0x000000f3fbb00000,0x000000f3fbc00000)]
  0x0000022cf293a870 JavaThread "Asynchronous log dispatcher for DefaultDaemonConnection: socket connection from /127.0.0.1:49919 to /127.0.0.1:49924" [_thread_blocked, id=7300, stack(0x000000f3fbc00000,0x000000f3fbd00000)]
  0x0000022cf2939e50 JavaThread "Stdin handler" [_thread_blocked, id=20208, stack(0x000000f3fbd00000,0x000000f3fbe00000)]
  0x0000022cf293b290 JavaThread "Daemon client event forwarder" [_thread_blocked, id=9456, stack(0x000000f3fbe00000,0x000000f3fbf00000)]
  0x0000022cf2938f20 JavaThread "Cache worker for journal cache (C:\Users\seyan\.gradle\caches\journal-1)" [_thread_blocked, id=16888, stack(0x000000f3fbf00000,0x000000f3fc000000)]
  0x0000022cf2939940 JavaThread "File lock request listener" [_thread_in_native, id=24972, stack(0x000000f3fc000000,0x000000f3fc100000)]
  0x0000022cf2937ae0 JavaThread "Cache worker for file hash cache (C:\Users\seyan\.gradle\caches\8.14.2\fileHashes)" [_thread_blocked, id=23872, stack(0x000000f3fc200000,0x000000f3fc300000)]
  0x0000022cf29d7910 JavaThread "Cache worker for file hash cache (C:\Users\seyan\Documents\mini-game\.gradle\8.14.2\fileHashes)" [_thread_blocked, id=23240, stack(0x000000f3f9b00000,0x000000f3f9c00000)]
  0x0000022cf29d64d0 JavaThread "Cache worker for Build Output Cleanup Cache (C:\Users\seyan\Documents\mini-game\.gradle\buildOutputCleanup)" [_thread_blocked, id=4032, stack(0x000000f3f9c00000,0x000000f3f9d00000)]
  0x0000022cf29d8d50 JavaThread "File watcher server" daemon [_thread_in_native, id=26648, stack(0x000000f3fc300000,0x000000f3fc400000)]
  0x0000022cf29d7400 JavaThread "File watcher consumer" daemon [_thread_blocked, id=26688, stack(0x000000f3fc400000,0x000000f3fc500000)]
  0x0000022cf29d8840 JavaThread "File lock release action executor Thread 3" [_thread_in_vm, id=27144, stack(0x000000f3fc100000,0x000000f3fc200000)]

Other Threads:
  0x0000022ced48c520 VMThread "VM Thread" [stack: 0x000000f3fa400000,0x000000f3fa500000] [id=25744]
  0x0000022ced651a20 WatcherThread [stack: 0x000000f3fb000000,0x000000f3fb100000] [id=26196]
  0x0000022cd30845d0 GCTaskThread "GC Thread#0" [stack: 0x000000f3f9f00000,0x000000f3fa000000] [id=25684]
  0x0000022ced6f6a30 GCTaskThread "GC Thread#1" [stack: 0x000000f3fb100000,0x000000f3fb200000] [id=17292]
  0x0000022ced6f6d00 GCTaskThread "GC Thread#2" [stack: 0x000000f3fb200000,0x000000f3fb300000] [id=24940]
  0x0000022ced7dc090 GCTaskThread "GC Thread#3" [stack: 0x000000f3fb300000,0x000000f3fb400000] [id=3956]
  0x0000022cd3089440 ConcurrentGCThread "G1 Main Marker" [stack: 0x000000f3fa000000,0x000000f3fa100000] [id=25688]
  0x0000022cd308b1e0 ConcurrentGCThread "G1 Conc#0" [stack: 0x000000f3fa100000,0x000000f3fa200000] [id=25692]
  0x0000022cd310ec40 ConcurrentGCThread "G1 Refine#0" [stack: 0x000000f3fa200000,0x000000f3fa300000] [id=25700]
  0x0000022cf29b61f0 ConcurrentGCThread "G1 Refine#1" [stack: 0x000000f3f9d00000,0x000000f3f9e00000] [id=25956]
  0x0000022ced347740 ConcurrentGCThread "G1 Service" [stack: 0x000000f3fa300000,0x000000f3fa400000] [id=25704]

Threads with active compile tasks:
C2 CompilerThread0   484285 3737       4       org.gradle.launcher.daemon.context.DefaultDaemonContext$Serializer::read (229 bytes)

VM state: not at safepoint (normal execution)

VM Mutex/Monitor currently owned by a thread: None

Heap address: 0x00000000e0000000, size: 512 MB, Compressed Oops mode: 32-bit

CDS archive(s) mapped at: [0x0000022c80000000-0x0000022c80bd0000-0x0000022c80bd0000), size 12386304, SharedBaseAddress: 0x0000022c80000000, ArchiveRelocationMode: 1.
Compressed class space mapped at: 0x0000022c81000000-0x0000022c95000000, reserved size: 335544320
Narrow klass base: 0x0000022c80000000, Narrow klass shift: 0, Narrow klass range: 0x100000000

GC Precious Log:
 CPUs: 4 total, 4 available
 Memory: 7986M
 Large Page Support: Disabled
 NUMA Support: Disabled
 Compressed Oops: Enabled (32-bit)
 Heap Region Size: 1M
 Heap Min Capacity: 256M
 Heap Initial Capacity: 256M
 Heap Max Capacity: 512M
 Pre-touch: Disabled
 Parallel Workers: 4
 Concurrent Workers: 1
 Concurrent Refinement Workers: 4
 Periodic GC: Disabled

Heap:
 garbage-first heap   total 262144K, used 72825K [0x00000000e0000000, 0x0000000100000000)
  region size 1024K, 52 young (53248K), 3 survivors (3072K)
 Metaspace       used 25988K, committed 26432K, reserved 393216K
  class space    used 3816K, committed 4032K, reserved 327680K

Heap Regions: E=young(eden), S=young(survivor), O=old, HS=humongous(starts), HC=humongous(continues), CS=collection set, F=free, OA=open archive, CA=closed archive, TAMS=top-at-mark-start (previous, next)
|   0|0x00000000e0000000, 0x00000000e0100000, 0x00000000e0100000|100%|HS|  |TAMS 0x00000000e0100000, 0x00000000e0000000| Complete 
|   1|0x00000000e0100000, 0x00000000e0200000, 0x00000000e0200000|100%|HC|  |TAMS 0x00000000e0200000, 0x00000000e0100000| Complete 
|   2|0x00000000e0200000, 0x00000000e0300000, 0x00000000e0300000|100%|HC|  |TAMS 0x00000000e0300000, 0x00000000e0200000| Complete 
|   3|0x00000000e0300000, 0x00000000e0400000, 0x00000000e0400000|100%| O|  |TAMS 0x00000000e0400000, 0x00000000e0300000| Untracked 
|   4|0x00000000e0400000, 0x00000000e0500000, 0x00000000e0500000|100%| O|  |TAMS 0x00000000e0500000, 0x00000000e0400000| Untracked 
|   5|0x00000000e0500000, 0x00000000e0600000, 0x00000000e0600000|100%| O|  |TAMS 0x00000000e0600000, 0x00000000e0500000| Complete 
|   6|0x00000000e0600000, 0x00000000e0700000, 0x00000000e0700000|100%| O|  |TAMS 0x00000000e0700000, 0x00000000e0600000| Untracked 
|   7|0x00000000e0700000, 0x00000000e0800000, 0x00000000e0800000|100%| O|  |TAMS 0x00000000e071a400, 0x00000000e0700000| Untracked 
|   8|0x00000000e0800000, 0x00000000e0900000, 0x00000000e0900000|100%|HS|  |TAMS 0x00000000e0900000, 0x00000000e0800000| Complete 
|   9|0x00000000e0900000, 0x00000000e0a00000, 0x00000000e0a00000|100%| O|  |TAMS 0x00000000e0900000, 0x00000000e0900000| Untracked 
|  10|0x00000000e0a00000, 0x00000000e0b00000, 0x00000000e0b00000|100%| O|  |TAMS 0x00000000e0a00000, 0x00000000e0a00000| Untracked 
|  11|0x00000000e0b00000, 0x00000000e0c00000, 0x00000000e0c00000|100%| O|  |TAMS 0x00000000e0b00000, 0x00000000e0b00000| Untracked 
|  12|0x00000000e0c00000, 0x00000000e0d00000, 0x00000000e0d00000|100%| O|  |TAMS 0x00000000e0c00000, 0x00000000e0c00000| Untracked 
|  13|0x00000000e0d00000, 0x00000000e0e00000, 0x00000000e0e00000|100%| O|  |TAMS 0x00000000e0d00000, 0x00000000e0d00000| Untracked 
|  14|0x00000000e0e00000, 0x00000000e0f00000, 0x00000000e0f00000|100%| O|  |TAMS 0x00000000e0e00000, 0x00000000e0e00000| Untracked 
|  15|0x00000000e0f00000, 0x00000000e1000000, 0x00000000e1000000|100%| O|  |TAMS 0x00000000e0f00000, 0x00000000e0f00000| Untracked 
|  16|0x00000000e1000000, 0x00000000e1100000, 0x00000000e1100000|100%| O|  |TAMS 0x00000000e1000000, 0x00000000e1000000| Untracked 
|  17|0x00000000e1100000, 0x00000000e1200000, 0x00000000e1200000|100%| O|  |TAMS 0x00000000e1100000, 0x00000000e1100000| Untracked 
|  18|0x00000000e1200000, 0x00000000e1300000, 0x00000000e1300000|100%| O|  |TAMS 0x00000000e1200000, 0x00000000e1200000| Untracked 
|  19|0x00000000e1300000, 0x00000000e1400000, 0x00000000e1400000|100%| O|  |TAMS 0x00000000e1300000, 0x00000000e1300000| Untracked 
|  20|0x00000000e1400000, 0x00000000e14c5a00, 0x00000000e1500000| 77%| O|  |TAMS 0x00000000e1400000, 0x00000000e1400000| Untracked 
|  21|0x00000000e1500000, 0x00000000e1500000, 0x00000000e1600000|  0%| F|  |TAMS 0x00000000e1500000, 0x00000000e1500000| Untracked 
|  22|0x00000000e1600000, 0x00000000e1600000, 0x00000000e1700000|  0%| F|  |TAMS 0x00000000e1600000, 0x00000000e1600000| Untracked 
|  23|0x00000000e1700000, 0x00000000e1700000, 0x00000000e1800000|  0%| F|  |TAMS 0x00000000e1700000, 0x00000000e1700000| Untracked 
|  24|0x00000000e1800000, 0x00000000e1800000, 0x00000000e1900000|  0%| F|  |TAMS 0x00000000e1800000, 0x00000000e1800000| Untracked 
|  25|0x00000000e1900000, 0x00000000e1900000, 0x00000000e1a00000|  0%| F|  |TAMS 0x00000000e1900000, 0x00000000e1900000| Untracked 
|  26|0x00000000e1a00000, 0x00000000e1a00000, 0x00000000e1b00000|  0%| F|  |TAMS 0x00000000e1a00000, 0x00000000e1a00000| Untracked 
|  27|0x00000000e1b00000, 0x00000000e1b00000, 0x00000000e1c00000|  0%| F|  |TAMS 0x00000000e1b00000, 0x00000000e1b00000| Untracked 
|  28|0x00000000e1c00000, 0x00000000e1c00000, 0x00000000e1d00000|  0%| F|  |TAMS 0x00000000e1c00000, 0x00000000e1c00000| Untracked 
|  29|0x00000000e1d00000, 0x00000000e1d00000, 0x00000000e1e00000|  0%| F|  |TAMS 0x00000000e1d00000, 0x00000000e1d00000| Untracked 
|  30|0x00000000e1e00000, 0x00000000e1e00000, 0x00000000e1f00000|  0%| F|  |TAMS 0x00000000e1e00000, 0x00000000e1e00000| Untracked 
|  31|0x00000000e1f00000, 0x00000000e1f00000, 0x00000000e2000000|  0%| F|  |TAMS 0x00000000e1f00000, 0x00000000e1f00000| Untracked 
|  32|0x00000000e2000000, 0x00000000e2000000, 0x00000000e2100000|  0%| F|  |TAMS 0x00000000e2000000, 0x00000000e2000000| Untracked 
|  33|0x00000000e2100000, 0x00000000e2100000, 0x00000000e2200000|  0%| F|  |TAMS 0x00000000e2100000, 0x00000000e2100000| Untracked 
|  34|0x00000000e2200000, 0x00000000e2200000, 0x00000000e2300000|  0%| F|  |TAMS 0x00000000e2200000, 0x00000000e2200000| Untracked 
|  35|0x00000000e2300000, 0x00000000e2300000, 0x00000000e2400000|  0%| F|  |TAMS 0x00000000e2300000, 0x00000000e2300000| Untracked 
|  36|0x00000000e2400000, 0x00000000e2400000, 0x00000000e2500000|  0%| F|  |TAMS 0x00000000e2400000, 0x00000000e2400000| Untracked 
|  37|0x00000000e2500000, 0x00000000e2500000, 0x00000000e2600000|  0%| F|  |TAMS 0x00000000e2500000, 0x00000000e2500000| Untracked 
|  38|0x00000000e2600000, 0x00000000e2600000, 0x00000000e2700000|  0%| F|  |TAMS 0x00000000e2600000, 0x00000000e2600000| Untracked 
|  39|0x00000000e2700000, 0x00000000e2700000, 0x00000000e2800000|  0%| F|  |TAMS 0x00000000e2700000, 0x00000000e2700000| Untracked 
|  40|0x00000000e2800000, 0x00000000e2800000, 0x00000000e2900000|  0%| F|  |TAMS 0x00000000e2800000, 0x00000000e2800000| Untracked 
|  41|0x00000000e2900000, 0x00000000e2900000, 0x00000000e2a00000|  0%| F|  |TAMS 0x00000000e2900000, 0x00000000e2900000| Untracked 
|  42|0x00000000e2a00000, 0x00000000e2a00000, 0x00000000e2b00000|  0%| F|  |TAMS 0x00000000e2a00000, 0x00000000e2a00000| Untracked 
|  43|0x00000000e2b00000, 0x00000000e2b00000, 0x00000000e2c00000|  0%| F|  |TAMS 0x00000000e2b00000, 0x00000000e2b00000| Untracked 
|  44|0x00000000e2c00000, 0x00000000e2c00000, 0x00000000e2d00000|  0%| F|  |TAMS 0x00000000e2c00000, 0x00000000e2c00000| Untracked 
|  45|0x00000000e2d00000, 0x00000000e2d00000, 0x00000000e2e00000|  0%| F|  |TAMS 0x00000000e2d00000, 0x00000000e2d00000| Untracked 
|  46|0x00000000e2e00000, 0x00000000e2e00000, 0x00000000e2f00000|  0%| F|  |TAMS 0x00000000e2e00000, 0x00000000e2e00000| Untracked 
|  47|0x00000000e2f00000, 0x00000000e2f00000, 0x00000000e3000000|  0%| F|  |TAMS 0x00000000e2f00000, 0x00000000e2f00000| Untracked 
|  48|0x00000000e3000000, 0x00000000e3000000, 0x00000000e3100000|  0%| F|  |TAMS 0x00000000e3000000, 0x00000000e3000000| Untracked 
|  49|0x00000000e3100000, 0x00000000e3100000, 0x00000000e3200000|  0%| F|  |TAMS 0x00000000e3100000, 0x00000000e3100000| Untracked 
|  50|0x00000000e3200000, 0x00000000e3200000, 0x00000000e3300000|  0%| F|  |TAMS 0x00000000e3200000, 0x00000000e3200000| Untracked 
|  51|0x00000000e3300000, 0x00000000e3300000, 0x00000000e3400000|  0%| F|  |TAMS 0x00000000e3300000, 0x00000000e3300000| Untracked 
|  52|0x00000000e3400000, 0x00000000e3400000, 0x00000000e3500000|  0%| F|  |TAMS 0x00000000e3400000, 0x00000000e3400000| Untracked 
|  53|0x00000000e3500000, 0x00000000e3500000, 0x00000000e3600000|  0%| F|  |TAMS 0x00000000e3500000, 0x00000000e3500000| Untracked 
|  54|0x00000000e3600000, 0x00000000e3600000, 0x00000000e3700000|  0%| F|  |TAMS 0x00000000e3600000, 0x00000000e3600000| Untracked 
|  55|0x00000000e3700000, 0x00000000e3700000, 0x00000000e3800000|  0%| F|  |TAMS 0x00000000e3700000, 0x00000000e3700000| Untracked 
|  56|0x00000000e3800000, 0x00000000e3800000, 0x00000000e3900000|  0%| F|  |TAMS 0x00000000e3800000, 0x00000000e3800000| Untracked 
|  57|0x00000000e3900000, 0x00000000e3900000, 0x00000000e3a00000|  0%| F|  |TAMS 0x00000000e3900000, 0x00000000e3900000| Untracked 
|  58|0x00000000e3a00000, 0x00000000e3a00000, 0x00000000e3b00000|  0%| F|  |TAMS 0x00000000e3a00000, 0x00000000e3a00000| Untracked 
|  59|0x00000000e3b00000, 0x00000000e3b00000, 0x00000000e3c00000|  0%| F|  |TAMS 0x00000000e3b00000, 0x00000000e3b00000| Untracked 
|  60|0x00000000e3c00000, 0x00000000e3c00000, 0x00000000e3d00000|  0%| F|  |TAMS 0x00000000e3c00000, 0x00000000e3c00000| Untracked 
|  61|0x00000000e3d00000, 0x00000000e3d00000, 0x00000000e3e00000|  0%| F|  |TAMS 0x00000000e3d00000, 0x00000000e3d00000| Untracked 
|  62|0x00000000e3e00000, 0x00000000e3e00000, 0x00000000e3f00000|  0%| F|  |TAMS 0x00000000e3e00000, 0x00000000e3e00000| Untracked 
|  63|0x00000000e3f00000, 0x00000000e3f00000, 0x00000000e4000000|  0%| F|  |TAMS 0x00000000e3f00000, 0x00000000e3f00000| Untracked 
|  64|0x00000000e4000000, 0x00000000e4000000, 0x00000000e4100000|  0%| F|  |TAMS 0x00000000e4000000, 0x00000000e4000000| Untracked 
|  65|0x00000000e4100000, 0x00000000e4100000, 0x00000000e4200000|  0%| F|  |TAMS 0x00000000e4100000, 0x00000000e4100000| Untracked 
|  66|0x00000000e4200000, 0x00000000e4200000, 0x00000000e4300000|  0%| F|  |TAMS 0x00000000e4200000, 0x00000000e4200000| Untracked 
|  67|0x00000000e4300000, 0x00000000e4300000, 0x00000000e4400000|  0%| F|  |TAMS 0x00000000e4300000, 0x00000000e4300000| Untracked 
|  68|0x00000000e4400000, 0x00000000e4400000, 0x00000000e4500000|  0%| F|  |TAMS 0x00000000e4400000, 0x00000000e4400000| Untracked 
|  69|0x00000000e4500000, 0x00000000e4500000, 0x00000000e4600000|  0%| F|  |TAMS 0x00000000e4500000, 0x00000000e4500000| Untracked 
|  70|0x00000000e4600000, 0x00000000e4600000, 0x00000000e4700000|  0%| F|  |TAMS 0x00000000e4600000, 0x00000000e4600000| Untracked 
|  71|0x00000000e4700000, 0x00000000e4700000, 0x00000000e4800000|  0%| F|  |TAMS 0x00000000e4700000, 0x00000000e4700000| Untracked 
|  72|0x00000000e4800000, 0x00000000e4800000, 0x00000000e4900000|  0%| F|  |TAMS 0x00000000e4800000, 0x00000000e4800000| Untracked 
|  73|0x00000000e4900000, 0x00000000e4900000, 0x00000000e4a00000|  0%| F|  |TAMS 0x00000000e4900000, 0x00000000e4900000| Untracked 
|  74|0x00000000e4a00000, 0x00000000e4a00000, 0x00000000e4b00000|  0%| F|  |TAMS 0x00000000e4a00000, 0x00000000e4a00000| Untracked 
|  75|0x00000000e4b00000, 0x00000000e4b00000, 0x00000000e4c00000|  0%| F|  |TAMS 0x00000000e4b00000, 0x00000000e4b00000| Untracked 
|  76|0x00000000e4c00000, 0x00000000e4c00000, 0x00000000e4d00000|  0%| F|  |TAMS 0x00000000e4c00000, 0x00000000e4c00000| Untracked 
|  77|0x00000000e4d00000, 0x00000000e4d00000, 0x00000000e4e00000|  0%| F|  |TAMS 0x00000000e4d00000, 0x00000000e4d00000| Untracked 
|  78|0x00000000e4e00000, 0x00000000e4e00000, 0x00000000e4f00000|  0%| F|  |TAMS 0x00000000e4e00000, 0x00000000e4e00000| Untracked 
|  79|0x00000000e4f00000, 0x00000000e4f00000, 0x00000000e5000000|  0%| F|  |TAMS 0x00000000e4f00000, 0x00000000e4f00000| Untracked 
|  80|0x00000000e5000000, 0x00000000e5000000, 0x00000000e5100000|  0%| F|  |TAMS 0x00000000e5000000, 0x00000000e5000000| Untracked 
|  81|0x00000000e5100000, 0x00000000e5100000, 0x00000000e5200000|  0%| F|  |TAMS 0x00000000e5100000, 0x00000000e5100000| Untracked 
|  82|0x00000000e5200000, 0x00000000e5200000, 0x00000000e5300000|  0%| F|  |TAMS 0x00000000e5200000, 0x00000000e5200000| Untracked 
|  83|0x00000000e5300000, 0x00000000e5300000, 0x00000000e5400000|  0%| F|  |TAMS 0x00000000e5300000, 0x00000000e5300000| Untracked 
|  84|0x00000000e5400000, 0x00000000e5400000, 0x00000000e5500000|  0%| F|  |TAMS 0x00000000e5400000, 0x00000000e5400000| Untracked 
|  85|0x00000000e5500000, 0x00000000e5500000, 0x00000000e5600000|  0%| F|  |TAMS 0x00000000e5500000, 0x00000000e5500000| Untracked 
|  86|0x00000000e5600000, 0x00000000e5600000, 0x00000000e5700000|  0%| F|  |TAMS 0x00000000e5600000, 0x00000000e5600000| Untracked 
|  87|0x00000000e5700000, 0x00000000e5700000, 0x00000000e5800000|  0%| F|  |TAMS 0x00000000e5700000, 0x00000000e5700000| Untracked 
|  88|0x00000000e5800000, 0x00000000e5800000, 0x00000000e5900000|  0%| F|  |TAMS 0x00000000e5800000, 0x00000000e5800000| Untracked 
|  89|0x00000000e5900000, 0x00000000e5900000, 0x00000000e5a00000|  0%| F|  |TAMS 0x00000000e5900000, 0x00000000e5900000| Untracked 
|  90|0x00000000e5a00000, 0x00000000e5a00000, 0x00000000e5b00000|  0%| F|  |TAMS 0x00000000e5a00000, 0x00000000e5a00000| Untracked 
|  91|0x00000000e5b00000, 0x00000000e5b00000, 0x00000000e5c00000|  0%| F|  |TAMS 0x00000000e5b00000, 0x00000000e5b00000| Untracked 
|  92|0x00000000e5c00000, 0x00000000e5c00000, 0x00000000e5d00000|  0%| F|  |TAMS 0x00000000e5c00000, 0x00000000e5c00000| Untracked 
|  93|0x00000000e5d00000, 0x00000000e5d00000, 0x00000000e5e00000|  0%| F|  |TAMS 0x00000000e5d00000, 0x00000000e5d00000| Untracked 
|  94|0x00000000e5e00000, 0x00000000e5e00000, 0x00000000e5f00000|  0%| F|  |TAMS 0x00000000e5e00000, 0x00000000e5e00000| Untracked 
|  95|0x00000000e5f00000, 0x00000000e5f00000, 0x00000000e6000000|  0%| F|  |TAMS 0x00000000e5f00000, 0x00000000e5f00000| Untracked 
|  96|0x00000000e6000000, 0x00000000e6000000, 0x00000000e6100000|  0%| F|  |TAMS 0x00000000e6000000, 0x00000000e6000000| Untracked 
|  97|0x00000000e6100000, 0x00000000e6100000, 0x00000000e6200000|  0%| F|  |TAMS 0x00000000e6100000, 0x00000000e6100000| Untracked 
|  98|0x00000000e6200000, 0x00000000e6200000, 0x00000000e6300000|  0%| F|  |TAMS 0x00000000e6200000, 0x00000000e6200000| Untracked 
|  99|0x00000000e6300000, 0x00000000e6300000, 0x00000000e6400000|  0%| F|  |TAMS 0x00000000e6300000, 0x00000000e6300000| Untracked 
| 100|0x00000000e6400000, 0x00000000e6400000, 0x00000000e6500000|  0%| F|  |TAMS 0x00000000e6400000, 0x00000000e6400000| Untracked 
| 101|0x00000000e6500000, 0x00000000e6500000, 0x00000000e6600000|  0%| F|  |TAMS 0x00000000e6500000, 0x00000000e6500000| Untracked 
| 102|0x00000000e6600000, 0x00000000e6600000, 0x00000000e6700000|  0%| F|  |TAMS 0x00000000e6600000, 0x00000000e6600000| Untracked 
| 103|0x00000000e6700000, 0x00000000e6700000, 0x00000000e6800000|  0%| F|  |TAMS 0x00000000e6700000, 0x00000000e6700000| Untracked 
| 104|0x00000000e6800000, 0x00000000e6800000, 0x00000000e6900000|  0%| F|  |TAMS 0x00000000e6800000, 0x00000000e6800000| Untracked 
| 105|0x00000000e6900000, 0x00000000e6900000, 0x00000000e6a00000|  0%| F|  |TAMS 0x00000000e6900000, 0x00000000e6900000| Untracked 
| 106|0x00000000e6a00000, 0x00000000e6a00000, 0x00000000e6b00000|  0%| F|  |TAMS 0x00000000e6a00000, 0x00000000e6a00000| Untracked 
| 107|0x00000000e6b00000, 0x00000000e6b00000, 0x00000000e6c00000|  0%| F|  |TAMS 0x00000000e6b00000, 0x00000000e6b00000| Untracked 
| 108|0x00000000e6c00000, 0x00000000e6c00000, 0x00000000e6d00000|  0%| F|  |TAMS 0x00000000e6c00000, 0x00000000e6c00000| Untracked 
| 109|0x00000000e6d00000, 0x00000000e6d00000, 0x00000000e6e00000|  0%| F|  |TAMS 0x00000000e6d00000, 0x00000000e6d00000| Untracked 
| 110|0x00000000e6e00000, 0x00000000e6e00000, 0x00000000e6f00000|  0%| F|  |TAMS 0x00000000e6e00000, 0x00000000e6e00000| Untracked 
| 111|0x00000000e6f00000, 0x00000000e6f00000, 0x00000000e7000000|  0%| F|  |TAMS 0x00000000e6f00000, 0x00000000e6f00000| Untracked 
| 112|0x00000000e7000000, 0x00000000e7000000, 0x00000000e7100000|  0%| F|  |TAMS 0x00000000e7000000, 0x00000000e7000000| Untracked 
| 113|0x00000000e7100000, 0x00000000e7100000, 0x00000000e7200000|  0%| F|  |TAMS 0x00000000e7100000, 0x00000000e7100000| Untracked 
| 114|0x00000000e7200000, 0x00000000e7200000, 0x00000000e7300000|  0%| F|  |TAMS 0x00000000e7200000, 0x00000000e7200000| Untracked 
| 115|0x00000000e7300000, 0x00000000e7300000, 0x00000000e7400000|  0%| F|  |TAMS 0x00000000e7300000, 0x00000000e7300000| Untracked 
| 116|0x00000000e7400000, 0x00000000e7400000, 0x00000000e7500000|  0%| F|  |TAMS 0x00000000e7400000, 0x00000000e7400000| Untracked 
| 117|0x00000000e7500000, 0x00000000e7500000, 0x00000000e7600000|  0%| F|  |TAMS 0x00000000e7500000, 0x00000000e7500000| Untracked 
| 118|0x00000000e7600000, 0x00000000e7600000, 0x00000000e7700000|  0%| F|  |TAMS 0x00000000e7600000, 0x00000000e7600000| Untracked 
| 119|0x00000000e7700000, 0x00000000e7700000, 0x00000000e7800000|  0%| F|  |TAMS 0x00000000e7700000, 0x00000000e7700000| Untracked 
| 120|0x00000000e7800000, 0x00000000e7800000, 0x00000000e7900000|  0%| F|  |TAMS 0x00000000e7800000, 0x00000000e7800000| Untracked 
| 121|0x00000000e7900000, 0x00000000e7900000, 0x00000000e7a00000|  0%| F|  |TAMS 0x00000000e7900000, 0x00000000e7900000| Untracked 
| 122|0x00000000e7a00000, 0x00000000e7a00000, 0x00000000e7b00000|  0%| F|  |TAMS 0x00000000e7a00000, 0x00000000e7a00000| Untracked 
| 123|0x00000000e7b00000, 0x00000000e7b00000, 0x00000000e7c00000|  0%| F|  |TAMS 0x00000000e7b00000, 0x00000000e7b00000| Untracked 
| 124|0x00000000e7c00000, 0x00000000e7c00000, 0x00000000e7d00000|  0%| F|  |TAMS 0x00000000e7c00000, 0x00000000e7c00000| Untracked 
| 125|0x00000000e7d00000, 0x00000000e7d00000, 0x00000000e7e00000|  0%| F|  |TAMS 0x00000000e7d00000, 0x00000000e7d00000| Untracked 
| 126|0x00000000e7e00000, 0x00000000e7e00000, 0x00000000e7f00000|  0%| F|  |TAMS 0x00000000e7e00000, 0x00000000e7e00000| Untracked 
| 127|0x00000000e7f00000, 0x00000000e7f00000, 0x00000000e8000000|  0%| F|  |TAMS 0x00000000e7f00000, 0x00000000e7f00000| Untracked 
| 128|0x00000000e8000000, 0x00000000e8000000, 0x00000000e8100000|  0%| F|  |TAMS 0x00000000e8000000, 0x00000000e8000000| Untracked 
| 129|0x00000000e8100000, 0x00000000e8100000, 0x00000000e8200000|  0%| F|  |TAMS 0x00000000e8100000, 0x00000000e8100000| Untracked 
| 130|0x00000000e8200000, 0x00000000e8200000, 0x00000000e8300000|  0%| F|  |TAMS 0x00000000e8200000, 0x00000000e8200000| Untracked 
| 131|0x00000000e8300000, 0x00000000e8300000, 0x00000000e8400000|  0%| F|  |TAMS 0x00000000e8300000, 0x00000000e8300000| Untracked 
| 132|0x00000000e8400000, 0x00000000e8400000, 0x00000000e8500000|  0%| F|  |TAMS 0x00000000e8400000, 0x00000000e8400000| Untracked 
| 133|0x00000000e8500000, 0x00000000e8500000, 0x00000000e8600000|  0%| F|  |TAMS 0x00000000e8500000, 0x00000000e8500000| Untracked 
| 134|0x00000000e8600000, 0x00000000e8600000, 0x00000000e8700000|  0%| F|  |TAMS 0x00000000e8600000, 0x00000000e8600000| Untracked 
| 135|0x00000000e8700000, 0x00000000e8700000, 0x00000000e8800000|  0%| F|  |TAMS 0x00000000e8700000, 0x00000000e8700000| Untracked 
| 136|0x00000000e8800000, 0x00000000e8800000, 0x00000000e8900000|  0%| F|  |TAMS 0x00000000e8800000, 0x00000000e8800000| Untracked 
| 137|0x00000000e8900000, 0x00000000e8900000, 0x00000000e8a00000|  0%| F|  |TAMS 0x00000000e8900000, 0x00000000e8900000| Untracked 
| 138|0x00000000e8a00000, 0x00000000e8a00000, 0x00000000e8b00000|  0%| F|  |TAMS 0x00000000e8a00000, 0x00000000e8a00000| Untracked 
| 139|0x00000000e8b00000, 0x00000000e8b00000, 0x00000000e8c00000|  0%| F|  |TAMS 0x00000000e8b00000, 0x00000000e8b00000| Untracked 
| 140|0x00000000e8c00000, 0x00000000e8c00000, 0x00000000e8d00000|  0%| F|  |TAMS 0x00000000e8c00000, 0x00000000e8c00000| Untracked 
| 141|0x00000000e8d00000, 0x00000000e8d00000, 0x00000000e8e00000|  0%| F|  |TAMS 0x00000000e8d00000, 0x00000000e8d00000| Untracked 
| 142|0x00000000e8e00000, 0x00000000e8e00000, 0x00000000e8f00000|  0%| F|  |TAMS 0x00000000e8e00000, 0x00000000e8e00000| Untracked 
| 143|0x00000000e8f00000, 0x00000000e8f00000, 0x00000000e9000000|  0%| F|  |TAMS 0x00000000e8f00000, 0x00000000e8f00000| Untracked 
| 144|0x00000000e9000000, 0x00000000e9000000, 0x00000000e9100000|  0%| F|  |TAMS 0x00000000e9000000, 0x00000000e9000000| Untracked 
| 145|0x00000000e9100000, 0x00000000e9100000, 0x00000000e9200000|  0%| F|  |TAMS 0x00000000e9100000, 0x00000000e9100000| Untracked 
| 146|0x00000000e9200000, 0x00000000e9200000, 0x00000000e9300000|  0%| F|  |TAMS 0x00000000e9200000, 0x00000000e9200000| Untracked 
| 147|0x00000000e9300000, 0x00000000e9300000, 0x00000000e9400000|  0%| F|  |TAMS 0x00000000e9300000, 0x00000000e9300000| Untracked 
| 148|0x00000000e9400000, 0x00000000e9400000, 0x00000000e9500000|  0%| F|  |TAMS 0x00000000e9400000, 0x00000000e9400000| Untracked 
| 149|0x00000000e9500000, 0x00000000e9500000, 0x00000000e9600000|  0%| F|  |TAMS 0x00000000e9500000, 0x00000000e9500000| Untracked 
| 150|0x00000000e9600000, 0x00000000e9600000, 0x00000000e9700000|  0%| F|  |TAMS 0x00000000e9600000, 0x00000000e9600000| Untracked 
| 151|0x00000000e9700000, 0x00000000e9700000, 0x00000000e9800000|  0%| F|  |TAMS 0x00000000e9700000, 0x00000000e9700000| Untracked 
| 152|0x00000000e9800000, 0x00000000e9800000, 0x00000000e9900000|  0%| F|  |TAMS 0x00000000e9800000, 0x00000000e9800000| Untracked 
| 153|0x00000000e9900000, 0x00000000e9900000, 0x00000000e9a00000|  0%| F|  |TAMS 0x00000000e9900000, 0x00000000e9900000| Untracked 
| 154|0x00000000e9a00000, 0x00000000e9a00000, 0x00000000e9b00000|  0%| F|  |TAMS 0x00000000e9a00000, 0x00000000e9a00000| Untracked 
| 155|0x00000000e9b00000, 0x00000000e9b00000, 0x00000000e9c00000|  0%| F|  |TAMS 0x00000000e9b00000, 0x00000000e9b00000| Untracked 
| 156|0x00000000e9c00000, 0x00000000e9c00000, 0x00000000e9d00000|  0%| F|  |TAMS 0x00000000e9c00000, 0x00000000e9c00000| Untracked 
| 157|0x00000000e9d00000, 0x00000000e9d00000, 0x00000000e9e00000|  0%| F|  |TAMS 0x00000000e9d00000, 0x00000000e9d00000| Untracked 
| 158|0x00000000e9e00000, 0x00000000e9e00000, 0x00000000e9f00000|  0%| F|  |TAMS 0x00000000e9e00000, 0x00000000e9e00000| Untracked 
| 159|0x00000000e9f00000, 0x00000000e9f00000, 0x00000000ea000000|  0%| F|  |TAMS 0x00000000e9f00000, 0x00000000e9f00000| Untracked 
| 160|0x00000000ea000000, 0x00000000ea000000, 0x00000000ea100000|  0%| F|  |TAMS 0x00000000ea000000, 0x00000000ea000000| Untracked 
| 161|0x00000000ea100000, 0x00000000ea100000, 0x00000000ea200000|  0%| F|  |TAMS 0x00000000ea100000, 0x00000000ea100000| Untracked 
| 162|0x00000000ea200000, 0x00000000ea200000, 0x00000000ea300000|  0%| F|  |TAMS 0x00000000ea200000, 0x00000000ea200000| Untracked 
| 163|0x00000000ea300000, 0x00000000ea300000, 0x00000000ea400000|  0%| F|  |TAMS 0x00000000ea300000, 0x00000000ea300000| Untracked 
| 164|0x00000000ea400000, 0x00000000ea400000, 0x00000000ea500000|  0%| F|  |TAMS 0x00000000ea400000, 0x00000000ea400000| Untracked 
| 165|0x00000000ea500000, 0x00000000ea500000, 0x00000000ea600000|  0%| F|  |TAMS 0x00000000ea500000, 0x00000000ea500000| Untracked 
| 166|0x00000000ea600000, 0x00000000ea600000, 0x00000000ea700000|  0%| F|  |TAMS 0x00000000ea600000, 0x00000000ea600000| Untracked 
| 167|0x00000000ea700000, 0x00000000ea700000, 0x00000000ea800000|  0%| F|  |TAMS 0x00000000ea700000, 0x00000000ea700000| Untracked 
| 168|0x00000000ea800000, 0x00000000ea800000, 0x00000000ea900000|  0%| F|  |TAMS 0x00000000ea800000, 0x00000000ea800000| Untracked 
| 169|0x00000000ea900000, 0x00000000ea900000, 0x00000000eaa00000|  0%| F|  |TAMS 0x00000000ea900000, 0x00000000ea900000| Untracked 
| 170|0x00000000eaa00000, 0x00000000eaa00000, 0x00000000eab00000|  0%| F|  |TAMS 0x00000000eaa00000, 0x00000000eaa00000| Untracked 
| 171|0x00000000eab00000, 0x00000000eab00000, 0x00000000eac00000|  0%| F|  |TAMS 0x00000000eab00000, 0x00000000eab00000| Untracked 
| 172|0x00000000eac00000, 0x00000000eac00000, 0x00000000ead00000|  0%| F|  |TAMS 0x00000000eac00000, 0x00000000eac00000| Untracked 
| 173|0x00000000ead00000, 0x00000000ead00000, 0x00000000eae00000|  0%| F|  |TAMS 0x00000000ead00000, 0x00000000ead00000| Untracked 
| 174|0x00000000eae00000, 0x00000000eae00000, 0x00000000eaf00000|  0%| F|  |TAMS 0x00000000eae00000, 0x00000000eae00000| Untracked 
| 175|0x00000000eaf00000, 0x00000000eaf00000, 0x00000000eb000000|  0%| F|  |TAMS 0x00000000eaf00000, 0x00000000eaf00000| Untracked 
| 176|0x00000000eb000000, 0x00000000eb000000, 0x00000000eb100000|  0%| F|  |TAMS 0x00000000eb000000, 0x00000000eb000000| Untracked 
| 177|0x00000000eb100000, 0x00000000eb100000, 0x00000000eb200000|  0%| F|  |TAMS 0x00000000eb100000, 0x00000000eb100000| Untracked 
| 178|0x00000000eb200000, 0x00000000eb200000, 0x00000000eb300000|  0%| F|  |TAMS 0x00000000eb200000, 0x00000000eb200000| Untracked 
| 179|0x00000000eb300000, 0x00000000eb300000, 0x00000000eb400000|  0%| F|  |TAMS 0x00000000eb300000, 0x00000000eb300000| Untracked 
| 180|0x00000000eb400000, 0x00000000eb400000, 0x00000000eb500000|  0%| F|  |TAMS 0x00000000eb400000, 0x00000000eb400000| Untracked 
| 181|0x00000000eb500000, 0x00000000eb500000, 0x00000000eb600000|  0%| F|  |TAMS 0x00000000eb500000, 0x00000000eb500000| Untracked 
| 182|0x00000000eb600000, 0x00000000eb600000, 0x00000000eb700000|  0%| F|  |TAMS 0x00000000eb600000, 0x00000000eb600000| Untracked 
| 183|0x00000000eb700000, 0x00000000eb700000, 0x00000000eb800000|  0%| F|  |TAMS 0x00000000eb700000, 0x00000000eb700000| Untracked 
| 184|0x00000000eb800000, 0x00000000eb800000, 0x00000000eb900000|  0%| F|  |TAMS 0x00000000eb800000, 0x00000000eb800000| Untracked 
| 185|0x00000000eb900000, 0x00000000eb900000, 0x00000000eba00000|  0%| F|  |TAMS 0x00000000eb900000, 0x00000000eb900000| Untracked 
| 186|0x00000000eba00000, 0x00000000eba00000, 0x00000000ebb00000|  0%| F|  |TAMS 0x00000000eba00000, 0x00000000eba00000| Untracked 
| 187|0x00000000ebb00000, 0x00000000ebb00000, 0x00000000ebc00000|  0%| F|  |TAMS 0x00000000ebb00000, 0x00000000ebb00000| Untracked 
| 188|0x00000000ebc00000, 0x00000000ebc00000, 0x00000000ebd00000|  0%| F|  |TAMS 0x00000000ebc00000, 0x00000000ebc00000| Untracked 
| 189|0x00000000ebd00000, 0x00000000ebd00000, 0x00000000ebe00000|  0%| F|  |TAMS 0x00000000ebd00000, 0x00000000ebd00000| Untracked 
| 190|0x00000000ebe00000, 0x00000000ebe00000, 0x00000000ebf00000|  0%| F|  |TAMS 0x00000000ebe00000, 0x00000000ebe00000| Untracked 
| 191|0x00000000ebf00000, 0x00000000ebf00000, 0x00000000ec000000|  0%| F|  |TAMS 0x00000000ebf00000, 0x00000000ebf00000| Untracked 
| 192|0x00000000ec000000, 0x00000000ec000000, 0x00000000ec100000|  0%| F|  |TAMS 0x00000000ec000000, 0x00000000ec000000| Untracked 
| 193|0x00000000ec100000, 0x00000000ec100000, 0x00000000ec200000|  0%| F|  |TAMS 0x00000000ec100000, 0x00000000ec100000| Untracked 
| 194|0x00000000ec200000, 0x00000000ec200000, 0x00000000ec300000|  0%| F|  |TAMS 0x00000000ec200000, 0x00000000ec200000| Untracked 
| 195|0x00000000ec300000, 0x00000000ec300000, 0x00000000ec400000|  0%| F|  |TAMS 0x00000000ec300000, 0x00000000ec300000| Untracked 
| 196|0x00000000ec400000, 0x00000000ec400000, 0x00000000ec500000|  0%| F|  |TAMS 0x00000000ec400000, 0x00000000ec400000| Untracked 
| 197|0x00000000ec500000, 0x00000000ec500000, 0x00000000ec600000|  0%| F|  |TAMS 0x00000000ec500000, 0x00000000ec500000| Untracked 
| 198|0x00000000ec600000, 0x00000000ec600000, 0x00000000ec700000|  0%| F|  |TAMS 0x00000000ec600000, 0x00000000ec600000| Untracked 
| 199|0x00000000ec700000, 0x00000000ec700000, 0x00000000ec800000|  0%| F|  |TAMS 0x00000000ec700000, 0x00000000ec700000| Untracked 
| 200|0x00000000ec800000, 0x00000000ec800000, 0x00000000ec900000|  0%| F|  |TAMS 0x00000000ec800000, 0x00000000ec800000| Untracked 
| 201|0x00000000ec900000, 0x00000000ec900000, 0x00000000eca00000|  0%| F|  |TAMS 0x00000000ec900000, 0x00000000ec900000| Untracked 
| 202|0x00000000eca00000, 0x00000000eca00000, 0x00000000ecb00000|  0%| F|  |TAMS 0x00000000eca00000, 0x00000000eca00000| Untracked 
| 203|0x00000000ecb00000, 0x00000000ecb00000, 0x00000000ecc00000|  0%| F|  |TAMS 0x00000000ecb00000, 0x00000000ecb00000| Untracked 
| 204|0x00000000ecc00000, 0x00000000ecd00000, 0x00000000ecd00000|100%| E|  |TAMS 0x00000000ecc00000, 0x00000000ecc00000| Complete 
| 205|0x00000000ecd00000, 0x00000000ece00000, 0x00000000ece00000|100%| E|CS|TAMS 0x00000000ecd00000, 0x00000000ecd00000| Complete 
| 206|0x00000000ece00000, 0x00000000ecf00000, 0x00000000ecf00000|100%| E|CS|TAMS 0x00000000ece00000, 0x00000000ece00000| Complete 
| 207|0x00000000ecf00000, 0x00000000ed000000, 0x00000000ed000000|100%| E|CS|TAMS 0x00000000ecf00000, 0x00000000ecf00000| Complete 
| 208|0x00000000ed000000, 0x00000000ed100000, 0x00000000ed100000|100%| E|CS|TAMS 0x00000000ed000000, 0x00000000ed000000| Complete 
| 209|0x00000000ed100000, 0x00000000ed200000, 0x00000000ed200000|100%| E|CS|TAMS 0x00000000ed100000, 0x00000000ed100000| Complete 
| 210|0x00000000ed200000, 0x00000000ed300000, 0x00000000ed300000|100%| E|CS|TAMS 0x00000000ed200000, 0x00000000ed200000| Complete 
| 211|0x00000000ed300000, 0x00000000ed400000, 0x00000000ed400000|100%| E|CS|TAMS 0x00000000ed300000, 0x00000000ed300000| Complete 
| 212|0x00000000ed400000, 0x00000000ed500000, 0x00000000ed500000|100%| E|CS|TAMS 0x00000000ed400000, 0x00000000ed400000| Complete 
| 213|0x00000000ed500000, 0x00000000ed600000, 0x00000000ed600000|100%| E|CS|TAMS 0x00000000ed500000, 0x00000000ed500000| Complete 
| 214|0x00000000ed600000, 0x00000000ed700000, 0x00000000ed700000|100%| E|CS|TAMS 0x00000000ed600000, 0x00000000ed600000| Complete 
| 215|0x00000000ed700000, 0x00000000ed800000, 0x00000000ed800000|100%| E|CS|TAMS 0x00000000ed700000, 0x00000000ed700000| Complete 
| 216|0x00000000ed800000, 0x00000000ed900000, 0x00000000ed900000|100%| E|CS|TAMS 0x00000000ed800000, 0x00000000ed800000| Complete 
| 217|0x00000000ed900000, 0x00000000eda00000, 0x00000000eda00000|100%| E|CS|TAMS 0x00000000ed900000, 0x00000000ed900000| Complete 
| 218|0x00000000eda00000, 0x00000000edb00000, 0x00000000edb00000|100%| E|CS|TAMS 0x00000000eda00000, 0x00000000eda00000| Complete 
| 219|0x00000000edb00000, 0x00000000edc00000, 0x00000000edc00000|100%| E|CS|TAMS 0x00000000edb00000, 0x00000000edb00000| Complete 
| 220|0x00000000edc00000, 0x00000000edd00000, 0x00000000edd00000|100%| E|CS|TAMS 0x00000000edc00000, 0x00000000edc00000| Complete 
| 221|0x00000000edd00000, 0x00000000ede00000, 0x00000000ede00000|100%| E|CS|TAMS 0x00000000edd00000, 0x00000000edd00000| Complete 
| 222|0x00000000ede00000, 0x00000000ede58ce0, 0x00000000edf00000| 34%| S|CS|TAMS 0x00000000ede00000, 0x00000000ede00000| Complete 
| 223|0x00000000edf00000, 0x00000000ee000000, 0x00000000ee000000|100%| S|CS|TAMS 0x00000000edf00000, 0x00000000edf00000| Complete 
| 224|0x00000000ee000000, 0x00000000ee100000, 0x00000000ee100000|100%| S|CS|TAMS 0x00000000ee000000, 0x00000000ee000000| Complete 
| 225|0x00000000ee100000, 0x00000000ee200000, 0x00000000ee200000|100%| E|CS|TAMS 0x00000000ee100000, 0x00000000ee100000| Complete 
| 226|0x00000000ee200000, 0x00000000ee300000, 0x00000000ee300000|100%| E|CS|TAMS 0x00000000ee200000, 0x00000000ee200000| Complete 
| 227|0x00000000ee300000, 0x00000000ee400000, 0x00000000ee400000|100%| E|CS|TAMS 0x00000000ee300000, 0x00000000ee300000| Complete 
| 228|0x00000000ee400000, 0x00000000ee500000, 0x00000000ee500000|100%| E|CS|TAMS 0x00000000ee400000, 0x00000000ee400000| Complete 
| 229|0x00000000ee500000, 0x00000000ee600000, 0x00000000ee600000|100%| E|CS|TAMS 0x00000000ee500000, 0x00000000ee500000| Complete 
| 230|0x00000000ee600000, 0x00000000ee700000, 0x00000000ee700000|100%| E|CS|TAMS 0x00000000ee600000, 0x00000000ee600000| Complete 
| 231|0x00000000ee700000, 0x00000000ee800000, 0x00000000ee800000|100%| E|CS|TAMS 0x00000000ee700000, 0x00000000ee700000| Complete 
| 232|0x00000000ee800000, 0x00000000ee900000, 0x00000000ee900000|100%| E|CS|TAMS 0x00000000ee800000, 0x00000000ee800000| Complete 
| 233|0x00000000ee900000, 0x00000000eea00000, 0x00000000eea00000|100%| E|CS|TAMS 0x00000000ee900000, 0x00000000ee900000| Complete 
| 234|0x00000000eea00000, 0x00000000eeb00000, 0x00000000eeb00000|100%| E|CS|TAMS 0x00000000eea00000, 0x00000000eea00000| Complete 
| 235|0x00000000eeb00000, 0x00000000eec00000, 0x00000000eec00000|100%| E|CS|TAMS 0x00000000eeb00000, 0x00000000eeb00000| Complete 
| 236|0x00000000eec00000, 0x00000000eed00000, 0x00000000eed00000|100%| E|CS|TAMS 0x00000000eec00000, 0x00000000eec00000| Complete 
| 237|0x00000000eed00000, 0x00000000eee00000, 0x00000000eee00000|100%| E|CS|TAMS 0x00000000eed00000, 0x00000000eed00000| Complete 
| 238|0x00000000eee00000, 0x00000000eef00000, 0x00000000eef00000|100%| E|CS|TAMS 0x00000000eee00000, 0x00000000eee00000| Complete 
| 239|0x00000000eef00000, 0x00000000ef000000, 0x00000000ef000000|100%| E|CS|TAMS 0x00000000eef00000, 0x00000000eef00000| Complete 
| 240|0x00000000ef000000, 0x00000000ef100000, 0x00000000ef100000|100%| E|CS|TAMS 0x00000000ef000000, 0x00000000ef000000| Complete 
| 241|0x00000000ef100000, 0x00000000ef200000, 0x00000000ef200000|100%| E|CS|TAMS 0x00000000ef100000, 0x00000000ef100000| Complete 
| 242|0x00000000ef200000, 0x00000000ef300000, 0x00000000ef300000|100%| E|CS|TAMS 0x00000000ef200000, 0x00000000ef200000| Complete 
| 243|0x00000000ef300000, 0x00000000ef400000, 0x00000000ef400000|100%| E|CS|TAMS 0x00000000ef300000, 0x00000000ef300000| Complete 
| 244|0x00000000ef400000, 0x00000000ef500000, 0x00000000ef500000|100%| E|CS|TAMS 0x00000000ef400000, 0x00000000ef400000| Complete 
| 245|0x00000000ef500000, 0x00000000ef600000, 0x00000000ef600000|100%| E|CS|TAMS 0x00000000ef500000, 0x00000000ef500000| Complete 
| 246|0x00000000ef600000, 0x00000000ef700000, 0x00000000ef700000|100%| E|CS|TAMS 0x00000000ef600000, 0x00000000ef600000| Complete 
| 247|0x00000000ef700000, 0x00000000ef800000, 0x00000000ef800000|100%| E|CS|TAMS 0x00000000ef700000, 0x00000000ef700000| Complete 
| 248|0x00000000ef800000, 0x00000000ef900000, 0x00000000ef900000|100%| E|CS|TAMS 0x00000000ef800000, 0x00000000ef800000| Complete 
| 249|0x00000000ef900000, 0x00000000efa00000, 0x00000000efa00000|100%| E|CS|TAMS 0x00000000ef900000, 0x00000000ef900000| Complete 
| 250|0x00000000efa00000, 0x00000000efb00000, 0x00000000efb00000|100%| E|CS|TAMS 0x00000000efa00000, 0x00000000efa00000| Complete 
| 251|0x00000000efb00000, 0x00000000efc00000, 0x00000000efc00000|100%| E|CS|TAMS 0x00000000efb00000, 0x00000000efb00000| Complete 
| 252|0x00000000efc00000, 0x00000000efd00000, 0x00000000efd00000|100%| E|CS|TAMS 0x00000000efc00000, 0x00000000efc00000| Complete 
| 253|0x00000000efd00000, 0x00000000efe00000, 0x00000000efe00000|100%| E|CS|TAMS 0x00000000efd00000, 0x00000000efd00000| Complete 
| 254|0x00000000efe00000, 0x00000000eff00000, 0x00000000eff00000|100%| E|CS|TAMS 0x00000000efe00000, 0x00000000efe00000| Complete 
| 255|0x00000000eff00000, 0x00000000f0000000, 0x00000000f0000000|100%| E|CS|TAMS 0x00000000eff00000, 0x00000000eff00000| Complete 

Card table byte_map: [0x0000022ce9cc0000,0x0000022ce9dc0000] _byte_map_base: 0x0000022ce95c0000

Marking Bits (Prev, Next): (CMBitMap*) 0x0000022cd3084b50, (CMBitMap*) 0x0000022cd3084b10
 Prev Bits: [0x0000022cea6c0000, 0x0000022ceaec0000)
 Next Bits: [0x0000022ce9ec0000, 0x0000022cea6c0000)

Polling page: 0x0000022cd0ec0000

Metaspace:

Usage:
  Non-class:     21.65 MB used.
      Class:      3.73 MB used.
       Both:     25.38 MB used.

Virtual space:
  Non-class space:       64.00 MB reserved,      21.88 MB ( 34%) committed,  1 nodes.
      Class space:      320.00 MB reserved,       3.94 MB (  1%) committed,  1 nodes.
             Both:      384.00 MB reserved,      25.81 MB (  7%) committed. 

Chunk freelists:
   Non-Class:  9.64 MB
       Class:  12.03 MB
        Both:  21.67 MB

MaxMetaspaceSize: 384.00 MB
CompressedClassSpaceSize: 320.00 MB
Initial GC threshold: 21.00 MB
Current GC threshold: 35.25 MB
CDS: on
MetaspaceReclaimPolicy: balanced
 - commit_granule_bytes: 65536.
 - commit_granule_words: 8192.
 - virtual_space_node_default_size: 8388608.
 - enlarge_chunks_in_place: 1.
 - new_chunks_are_fully_committed: 0.
 - uncommit_free_chunks: 1.
 - use_allocation_guard: 0.
 - handle_deallocations: 1.


Internal statistics:

num_allocs_failed_limit: 3.
num_arena_births: 376.
num_arena_deaths: 0.
num_vsnodes_births: 2.
num_vsnodes_deaths: 0.
num_space_committed: 413.
num_space_uncommitted: 0.
num_chunks_returned_to_freelist: 3.
num_chunks_taken_from_freelist: 1390.
num_chunk_merges: 3.
num_chunk_splits: 900.
num_chunks_enlarged: 604.
num_inconsistent_stats: 0.

CodeHeap 'non-profiled nmethods': size=120000Kb used=2317Kb max_used=2317Kb free=117682Kb
 bounds [0x0000022ce2790000, 0x0000022ce2a00000, 0x0000022ce9cc0000]
CodeHeap 'profiled nmethods': size=120000Kb used=7597Kb max_used=7597Kb free=112402Kb
 bounds [0x0000022cdacc0000, 0x0000022cdb430000, 0x0000022ce21f0000]
CodeHeap 'non-nmethods': size=5760Kb used=1252Kb max_used=1311Kb free=4507Kb
 bounds [0x0000022ce21f0000, 0x0000022ce2460000, 0x0000022ce2790000]
 total_blobs=4291 nmethods=3725 adapters=478
 compilation: enabled
              stopped_count=0, restarted_count=0
 full_count=0

Compilation events (20 events):
Event: 473.155 Thread 0x0000022ced4aefc0 3727       4       java.util.regex.Pattern$BmpCharProperty::match (55 bytes)
Event: 473.155 Thread 0x0000022ced4feaa0 nmethod 3726 0x0000022cdb428490 code [0x0000022cdb428660, 0x0000022cdb428b38]
Event: 473.163 Thread 0x0000022ced4aefc0 nmethod 3727 0x0000022ce29d1610 code [0x0000022ce29d17c0, 0x0000022ce29d1a28]
Event: 473.714 Thread 0x0000022ced4aefc0 3728       4       java.util.HashMap$ValueSpliterator::forEachRemaining (186 bytes)
Event: 473.730 Thread 0x0000022ced4aefc0 nmethod 3728 0x0000022ce29d1c90 code [0x0000022ce29d1e40, 0x0000022ce29d2258]
Event: 476.194 Thread 0x0000022ced4feaa0 3729       3       java.lang.ModuleLayer::boot (4 bytes)
Event: 476.194 Thread 0x0000022ced4feaa0 nmethod 3729 0x0000022cdb428d10 code [0x0000022cdb428ea0, 0x0000022cdb428f98]
Event: 477.565 Thread 0x0000022ced4feaa0 3730       3       com.google.common.collect.ImmutableList$Builder::<init> (18 bytes)
Event: 477.566 Thread 0x0000022ced4feaa0 nmethod 3730 0x0000022cdb429010 code [0x0000022cdb4291c0, 0x0000022cdb429498]
Event: 477.711 Thread 0x0000022ced4feaa0 3731       3       com.google.common.collect.ImmutableList$Builder::build (17 bytes)
Event: 477.712 Thread 0x0000022ced4feaa0 nmethod 3731 0x0000022cdb429590 code [0x0000022cdb429720, 0x0000022cdb429868]
Event: 477.902 Thread 0x0000022ced4feaa0 3732       3       com.google.common.collect.ImmutableList::asImmutableList (69 bytes)
Event: 477.907 Thread 0x0000022ced4feaa0 nmethod 3732 0x0000022cdb429910 code [0x0000022cdb429b80, 0x0000022cdb42a728]
Event: 483.779 Thread 0x0000022ced4feaa0 3733       3       org.gradle.internal.logging.slf4j.OutputEventListenerBackedLogger::debug (8 bytes)
Event: 483.779 Thread 0x0000022ced4feaa0 nmethod 3733 0x0000022cdb42ab10 code [0x0000022cdb42aca0, 0x0000022cdb42ade8]
Event: 483.779 Thread 0x0000022ced4feaa0 3734       3       org.gradle.internal.logging.slf4j.BuildOperationAwareLogger::debug (19 bytes)
Event: 483.780 Thread 0x0000022ced4feaa0 nmethod 3734 0x0000022cdb42ae90 code [0x0000022cdb42b060, 0x0000022cdb42b3b8]
Event: 483.824 Thread 0x0000022ced4aefc0 3735       4       org.gradle.internal.serialize.InputStreamBackedDecoder::readByte (13 bytes)
Event: 483.833 Thread 0x0000022ced4aefc0 nmethod 3735 0x0000022ce29d2a10 code [0x0000022ce29d2ba0, 0x0000022ce29d3008]
Event: 483.852 Thread 0x0000022ced4aefc0 3737       4       org.gradle.launcher.daemon.context.DefaultDaemonContext$Serializer::read (229 bytes)

GC Heap History (8 events):
Event: 20.180 GC heap before
{Heap before GC invocations=0 (full 0):
 garbage-first heap   total 262144K, used 13312K [0x00000000e0000000, 0x0000000100000000)
  region size 1024K, 13 young (13312K), 0 survivors (0K)
 Metaspace       used 831K, committed 960K, reserved 393216K
  class space    used 69K, committed 128K, reserved 327680K
}
Event: 20.433 GC heap after
{Heap after GC invocations=1 (full 0):
 garbage-first heap   total 262144K, used 1380K [0x00000000e0000000, 0x0000000100000000)
  region size 1024K, 2 young (2048K), 2 survivors (2048K)
 Metaspace       used 831K, committed 960K, reserved 393216K
  class space    used 69K, committed 128K, reserved 327680K
}
Event: 27.155 GC heap before
{Heap before GC invocations=1 (full 0):
 garbage-first heap   total 262144K, used 21860K [0x00000000e0000000, 0x0000000100000000)
  region size 1024K, 20 young (20480K), 2 survivors (2048K)
 Metaspace       used 1538K, committed 1664K, reserved 393216K
  class space    used 127K, committed 192K, reserved 327680K
}
Event: 27.161 GC heap after
{Heap after GC invocations=2 (full 0):
 garbage-first heap   total 262144K, used 10345K [0x00000000e0000000, 0x0000000100000000)
  region size 1024K, 3 young (3072K), 3 survivors (3072K)
 Metaspace       used 1538K, committed 1664K, reserved 393216K
  class space    used 127K, committed 192K, reserved 327680K
}
Event: 149.710 GC heap before
{Heap before GC invocations=2 (full 0):
 garbage-first heap   total 262144K, used 165993K [0x00000000e0000000, 0x0000000100000000)
  region size 1024K, 153 young (156672K), 3 survivors (3072K)
 Metaspace       used 17723K, committed 18048K, reserved 393216K
  class space    used 2501K, committed 2688K, reserved 327680K
}
Event: 149.908 GC heap after
{Heap after GC invocations=3 (full 0):
 garbage-first heap   total 262144K, used 21574K [0x00000000e0000000, 0x0000000100000000)
  region size 1024K, 13 young (13312K), 13 survivors (13312K)
 Metaspace       used 17723K, committed 18048K, reserved 393216K
  class space    used 2501K, committed 2688K, reserved 327680K
}
Event: 193.984 GC heap before
{Heap before GC invocations=3 (full 0):
 garbage-first heap   total 262144K, used 51270K [0x00000000e0000000, 0x0000000100000000)
  region size 1024K, 44 young (45056K), 13 survivors (13312K)
 Metaspace       used 21226K, committed 21504K, reserved 393216K
  class space    used 3064K, committed 3200K, reserved 327680K
}
Event: 194.094 GC heap after
{Heap after GC invocations=4 (full 0):
 garbage-first heap   total 262144K, used 23673K [0x00000000e0000000, 0x0000000100000000)
  region size 1024K, 3 young (3072K), 3 survivors (3072K)
 Metaspace       used 21226K, committed 21504K, reserved 393216K
  class space    used 3064K, committed 3200K, reserved 327680K
}

Dll operation events (15 events):
Event: 1.549 Loaded shared library C:\Java\bin\java.dll
Event: 2.767 Loaded shared library C:\Java\bin\jsvml.dll
Event: 13.071 Loaded shared library C:\Java\bin\zip.dll
Event: 13.373 Loaded shared library C:\Java\bin\instrument.dll
Event: 13.700 Loaded shared library C:\Java\bin\net.dll
Event: 13.951 Loaded shared library C:\Java\bin\nio.dll
Event: 13.981 Loaded shared library C:\Java\bin\zip.dll
Event: 22.560 Loaded shared library C:\Java\bin\jimage.dll
Event: 26.994 Loaded shared library C:\Java\bin\verify.dll
Event: 28.070 Loaded shared library C:\Users\seyan\.gradle\native\1def1411415f61bf3af743bc5b6707747c0891f09f0c88961ee8f79bc544acac\windows-amd64\native-platform.dll
Event: 28.441 Loaded shared library C:\Users\seyan\.gradle\native\0.2.7\x86_64-windows-gnu\gradle-fileevents.dll
Event: 52.545 Loaded shared library C:\Java\bin\management.dll
Event: 52.733 Loaded shared library C:\Java\bin\management_ext.dll
Event: 80.876 Loaded shared library C:\Java\bin\extnet.dll
Event: 104.490 Loaded shared library C:\Java\bin\sunmscapi.dll

Deoptimization events (20 events):
Event: 471.943 Thread 0x0000022cf293a360 Uncommon trap: trap_request=0xffffff45 fr.pc=0x0000022ce29548e8 relative=0x0000000000002348
Event: 471.943 Thread 0x0000022cf293a360 Uncommon trap: reason=unstable_if action=reinterpret pc=0x0000022ce29548e8 method=java.lang.String.split(Ljava/lang/String;I)[Ljava/lang/String; @ 32 c2
Event: 471.943 Thread 0x0000022cf293a360 DEOPT PACKING pc=0x0000022ce29548e8 sp=0x000000f3fbbfba20
Event: 471.944 Thread 0x0000022cf293a360 DEOPT UNPACKING pc=0x0000022ce22469a3 sp=0x000000f3fbbfb9e8 mode 2
Event: 473.093 Thread 0x0000022cf293a360 Uncommon trap: trap_request=0xffffffc6 fr.pc=0x0000022ce294a730 relative=0x00000000000001f0
Event: 473.093 Thread 0x0000022cf293a360 Uncommon trap: reason=bimorphic_or_optimized_type_check action=maybe_recompile pc=0x0000022ce294a730 method=java.util.regex.Pattern$BmpCharProperty.match(Ljava/util/regex/Matcher;ILjava/lang/CharSequence;)Z @ 19 c2
Event: 473.093 Thread 0x0000022cf293a360 DEOPT PACKING pc=0x0000022ce294a730 sp=0x000000f3fbbfb5c0
Event: 473.094 Thread 0x0000022cf293a360 DEOPT UNPACKING pc=0x0000022ce22469a3 sp=0x000000f3fbbfb578 mode 2
Event: 473.094 Thread 0x0000022cf293a360 Uncommon trap: trap_request=0xffffffc6 fr.pc=0x0000022ce294a730 relative=0x00000000000001f0
Event: 473.095 Thread 0x0000022cf293a360 Uncommon trap: reason=bimorphic_or_optimized_type_check action=maybe_recompile pc=0x0000022ce294a730 method=java.util.regex.Pattern$BmpCharProperty.match(Ljava/util/regex/Matcher;ILjava/lang/CharSequence;)Z @ 19 c2
Event: 473.095 Thread 0x0000022cf293a360 DEOPT PACKING pc=0x0000022ce294a730 sp=0x000000f3fbbfb5c0
Event: 473.095 Thread 0x0000022cf293a360 DEOPT UNPACKING pc=0x0000022ce22469a3 sp=0x000000f3fbbfb578 mode 2
Event: 473.095 Thread 0x0000022cf293a360 Uncommon trap: trap_request=0xffffffc6 fr.pc=0x0000022ce294a730 relative=0x00000000000001f0
Event: 473.095 Thread 0x0000022cf293a360 Uncommon trap: reason=bimorphic_or_optimized_type_check action=maybe_recompile pc=0x0000022ce294a730 method=java.util.regex.Pattern$BmpCharProperty.match(Ljava/util/regex/Matcher;ILjava/lang/CharSequence;)Z @ 19 c2
Event: 473.095 Thread 0x0000022cf293a360 DEOPT PACKING pc=0x0000022ce294a730 sp=0x000000f3fbbfb5c0
Event: 473.095 Thread 0x0000022cf293a360 DEOPT UNPACKING pc=0x0000022ce22469a3 sp=0x000000f3fbbfb578 mode 2
Event: 473.095 Thread 0x0000022cf293a360 Uncommon trap: trap_request=0xffffffc6 fr.pc=0x0000022ce294a730 relative=0x00000000000001f0
Event: 473.095 Thread 0x0000022cf293a360 Uncommon trap: reason=bimorphic_or_optimized_type_check action=maybe_recompile pc=0x0000022ce294a730 method=java.util.regex.Pattern$BmpCharProperty.match(Ljava/util/regex/Matcher;ILjava/lang/CharSequence;)Z @ 19 c2
Event: 473.095 Thread 0x0000022cf293a360 DEOPT PACKING pc=0x0000022ce294a730 sp=0x000000f3fbbfb5c0
Event: 473.095 Thread 0x0000022cf293a360 DEOPT UNPACKING pc=0x0000022ce22469a3 sp=0x000000f3fbbfb578 mode 2

Classes loaded (20 events):
Event: 319.895 Loading class java/io/ObjectStreamClass$4
Event: 319.898 Loading class java/io/ObjectStreamClass$4 done
Event: 319.899 Loading class java/io/ObjectStreamClass$5
Event: 319.899 Loading class java/io/ObjectStreamClass$5 done
Event: 319.950 Loading class java/io/ObjectStreamClass$ClassDataSlot
Event: 319.950 Loading class java/io/ObjectStreamClass$ClassDataSlot done
Event: 319.961 Loading class java/io/ObjectInputStream$FieldValues
Event: 320.020 Loading class java/io/ObjectInputStream$GetField
Event: 320.025 Loading class java/io/ObjectInputStream$GetField done
Event: 320.025 Loading class java/io/ObjectInputStream$FieldValues done
Event: 320.038 Loading class jdk/internal/reflect/UnsafeQualifiedStaticLongFieldAccessorImpl
Event: 320.049 Loading class jdk/internal/reflect/UnsafeQualifiedStaticLongFieldAccessorImpl done
Event: 320.059 Loading class java/io/ObjectStreamClass$ExceptionInfo
Event: 320.060 Loading class java/io/ObjectStreamClass$ExceptionInfo done
Event: 320.069 Loading class java/io/SerialCallbackContext
Event: 320.071 Loading class java/io/SerialCallbackContext done
Event: 467.598 Loading class java/lang/StackTraceElement$HashedModules
Event: 467.601 Loading class java/lang/StackTraceElement$HashedModules done
Event: 474.689 Loading class java/util/logging/LogRecord
Event: 475.411 Loading class java/util/logging/LogRecord done

Classes unloaded (0 events):
No events

Classes redefined (0 events):
No events

Internal exceptions (20 events):
Event: 196.477 Thread 0x0000022cf293a360 Exception <a 'java/lang/NoSuchMethodError'{0x00000000efdf9c00}: 'java.lang.Object java.lang.invoke.DirectMethodHandle$Holder.invokeStatic(java.lang.Object, java.lang.Object, java.lang.Object, java.lang.Object, java.lang.Object, java.lang.Object, java.lang.Object, java.lang.Object, java.lang.Object, java.lang.Object, java.lang.Object, java.lang.Object, java.lang.Object, java.lang.Object, java.lang.Object, java.lang.Object, java.lang.Object, java.lang.Object, java.lang.Object, java.lang.Object, java.lang.Obj
Event: 197.168 Thread 0x0000022cf293a360 Exception <a 'java/lang/NoSuchMethodError'{0x00000000efc2b390}: 'java.lang.Object java.lang.invoke.DirectMethodHandle$Holder.invokeStatic(java.lang.Object, java.lang.Object, java.lang.Object, java.lang.Object, java.lang.Object, java.lang.Object, java.lang.Object, java.lang.Object, java.lang.Object, java.lang.Object, java.lang.Object, java.lang.Object, java.lang.Object, java.lang.Object, java.lang.Object, java.lang.Object, java.lang.Object, java.lang.Object, java.lang.Object, java.lang.Object, java.lang.Obj
Event: 197.183 Thread 0x0000022cf293a360 Exception <a 'java/lang/NoSuchMethodError'{0x00000000efc5e348}: 'java.lang.Object java.lang.invoke.DirectMethodHandle$Holder.invokeStatic(java.lang.Object, java.lang.Object, java.lang.Object, java.lang.Object, java.lang.Object, java.lang.Object, java.lang.Object, java.lang.Object, java.lang.Object, java.lang.Object, java.lang.Object, java.lang.Object, java.lang.Object, java.lang.Object, java.lang.Object, java.lang.Object, java.lang.Object, java.lang.Object, java.lang.Object, java.lang.Object, java.lang.Obj
Event: 198.573 Thread 0x0000022cf293a360 Exception <a 'java/lang/NoSuchMethodError'{0x00000000efbfe648}: 'java.lang.Object java.lang.invoke.DirectMethodHandle$Holder.invokeStaticInit(java.lang.Object, java.lang.Object, java.lang.Object, java.lang.Object)'> (0x00000000efbfe648) 
thrown [s\src\hotspot\share\interpreter\linkResolver.cpp, line 759]
Event: 200.486 Thread 0x0000022cf293a360 Exception <a 'java/lang/NoSuchMethodError'{0x00000000ef9c4df8}: 'java.lang.Object java.lang.invoke.DirectMethodHandle$Holder.newInvokeSpecial(java.lang.Object, java.lang.Object, java.lang.Object, java.lang.Object, java.lang.Object, java.lang.Object, java.lang.Object, java.lang.Object)'> (0x00000000ef9c4df8) 
thrown [s\src\hotspot\share\interpreter\linkResolver.cpp, line 759]
Event: 200.493 Thread 0x0000022cf293a360 Exception <a 'java/lang/NoSuchMethodError'{0x00000000ef9ca800}: 'java.lang.Object java.lang.invoke.DirectMethodHandle$Holder.invokeSpecial(java.lang.Object, java.lang.Object, java.lang.Object, java.lang.Object, java.lang.Object, java.lang.Object, java.lang.Object, java.lang.Object, java.lang.Object)'> (0x00000000ef9ca800) 
thrown [s\src\hotspot\share\interpreter\linkResolver.cpp, line 759]
Event: 200.954 Thread 0x0000022cf293a360 Exception <a 'java/lang/NoSuchMethodError'{0x00000000ef9cfe20}: 'java.lang.Object java.lang.invoke.Invokers$Holder.linkToTargetMethod(java.lang.Object, java.lang.Object, java.lang.Object, java.lang.Object, java.lang.Object, java.lang.Object, java.lang.Object, java.lang.Object)'> (0x00000000ef9cfe20) 
thrown [s\src\hotspot\share\interpreter\linkResolver.cpp, line 759]
Event: 202.318 Thread 0x0000022cf293a360 Exception <a 'java/lang/NoSuchMethodError'{0x00000000ef6320c8}: 'void java.lang.invoke.DirectMethodHandle$Holder.invokeStaticInit(java.lang.Object, java.lang.Object)'> (0x00000000ef6320c8) 
thrown [s\src\hotspot\share\interpreter\linkResolver.cpp, line 759]
Event: 208.770 Thread 0x0000022cf293a360 Exception <a 'java/lang/NoSuchMethodError'{0x00000000ef0d1478}: 'int java.lang.invoke.DirectMethodHandle$Holder.invokeVirtual(java.lang.Object, java.lang.Object)'> (0x00000000ef0d1478) 
thrown [s\src\hotspot\share\interpreter\linkResolver.cpp, line 759]
Event: 216.709 Thread 0x0000022cf293a360 Exception <a 'java/lang/IncompatibleClassChangeError'{0x00000000ee351248}: Found class java.lang.Object, but interface was expected> (0x00000000ee351248) 
thrown [s\src\hotspot\share\interpreter\linkResolver.cpp, line 826]
Event: 236.909 Thread 0x0000022cf293a360 Exception <a 'java/lang/NoSuchMethodError'{0x00000000ee194f68}: 'java.lang.Object java.lang.invoke.DirectMethodHandle$Holder.newInvokeSpecial(java.lang.Object, java.lang.Object, long)'> (0x00000000ee194f68) 
thrown [s\src\hotspot\share\interpreter\linkResolver.cpp, line 759]
Event: 237.011 Thread 0x0000022cf293a360 Exception <a 'java/lang/NoSuchMethodError'{0x00000000ee199578}: 'java.lang.Object java.lang.invoke.Invokers$Holder.linkToTargetMethod(java.lang.Object, long, java.lang.Object)'> (0x00000000ee199578) 
thrown [s\src\hotspot\share\interpreter\linkResolver.cpp, line 759]
Event: 240.868 Thread 0x0000022cf293a360 Exception <a 'java/lang/NoSuchMethodError'{0x00000000edb46d90}: 'int java.lang.invoke.DirectMethodHandle$Holder.invokeInterface(java.lang.Object, java.lang.Object)'> (0x00000000edb46d90) 
thrown [s\src\hotspot\share\interpreter\linkResolver.cpp, line 759]
Event: 242.659 Thread 0x0000022cf293a360 Exception <a 'java/lang/NoSuchMethodError'{0x00000000edbd7c88}: 'java.lang.Object java.lang.invoke.DirectMethodHandle$Holder.invokeVirtual(java.lang.Object, java.lang.Object, int)'> (0x00000000edbd7c88) 
thrown [s\src\hotspot\share\interpreter\linkResolver.cpp, line 759]
Event: 314.596 Thread 0x0000022cf29d8330 Exception <a 'java/lang/NoSuchMethodError'{0x00000000ed5826e8}: 'void java.lang.invoke.DirectMethodHandle$Holder.invokeSpecial(java.lang.Object, java.lang.Object, java.lang.Object, int)'> (0x00000000ed5826e8) 
thrown [s\src\hotspot\share\interpreter\linkResolver.cpp, line 759]
Event: 319.895 Thread 0x0000022cf29d9c80 Exception <a 'java/lang/NoSuchMethodError'{0x00000000ed456570}: static Lorg/gradle/launcher/daemon/protocol/Command;.<clinit>()V> (0x00000000ed456570) 
thrown [s\src\hotspot\share\prims\jni.cpp, line 1112]
Event: 319.895 Thread 0x0000022cf29d9770 Exception <a 'java/lang/NoSuchMethodError'{0x00000000ed336f60}: static Lorg/gradle/launcher/daemon/protocol/Command;.<clinit>()V> (0x00000000ed336f60) 
thrown [s\src\hotspot\share\prims\jni.cpp, line 1112]
Event: 319.895 Thread 0x0000022cf29d8330 Exception <a 'java/lang/NoSuchMethodError'{0x00000000ed5bc1d0}: static Lorg/gradle/launcher/daemon/protocol/Command;.<clinit>()V> (0x00000000ed5bc1d0) 
thrown [s\src\hotspot\share\prims\jni.cpp, line 1112]
Event: 319.895 Thread 0x0000022cf29d5fc0 Exception <a 'java/lang/NoSuchMethodError'{0x00000000ed41f170}: static Lorg/gradle/launcher/daemon/protocol/Command;.<clinit>()V> (0x00000000ed41f170) 
thrown [s\src\hotspot\share\prims\jni.cpp, line 1112]
Event: 319.941 Thread 0x0000022cf29d9c80 Exception <a 'java/lang/NoSuchMethodError'{0x00000000ed460be8}: static Lorg/gradle/launcher/daemon/protocol/InvalidateVirtualFileSystemAfterChange;.<clinit>()V> (0x00000000ed460be8) 
thrown [s\src\hotspot\share\prims\jni.cpp, line 1112]

VM Operations (20 events):
Event: 386.333 Executing VM operation: Cleanup
Event: 386.333 Executing VM operation: Cleanup done
Event: 400.476 Executing VM operation: Cleanup
Event: 400.476 Executing VM operation: Cleanup done
Event: 407.638 Executing VM operation: Cleanup
Event: 407.638 Executing VM operation: Cleanup done
Event: 445.055 Executing VM operation: Cleanup
Event: 445.055 Executing VM operation: Cleanup done
Event: 446.230 Executing VM operation: Cleanup
Event: 446.230 Executing VM operation: Cleanup done
Event: 457.799 Executing VM operation: Cleanup
Event: 457.799 Executing VM operation: Cleanup done
Event: 465.908 Executing VM operation: Cleanup
Event: 465.923 Executing VM operation: Cleanup done
Event: 466.937 Executing VM operation: Cleanup
Event: 467.532 Executing VM operation: Cleanup done
Event: 473.585 Executing VM operation: Cleanup
Event: 473.631 Executing VM operation: Cleanup done
Event: 479.695 Executing VM operation: Cleanup
Event: 480.474 Executing VM operation: Cleanup done

Memory protections (0 events):
No events

Nmethod flushes (0 events):
No events

Events (20 events):
Event: 201.957 Thread 0x0000022cf2939940 Thread added: 0x0000022cf29d6ef0
Event: 207.220 Thread 0x0000022cf293a360 Thread added: 0x0000022cf29d8d50
Event: 207.849 Thread 0x0000022cf293a360 Thread added: 0x0000022cf29d7400
Event: 306.835 Thread 0x0000022cf29d6ef0 Thread exited: 0x0000022cf29d6ef0
Event: 309.092 Thread 0x0000022cf29047f0 Thread added: 0x0000022cf29d7e20
Event: 310.177 Thread 0x0000022cf29047f0 Thread added: 0x0000022cf29d69e0
Event: 310.315 Thread 0x0000022cf29047f0 Thread added: 0x0000022cf29d9260
Event: 310.869 Thread 0x0000022cf29d7e20 Thread added: 0x0000022cf29d8330
Event: 310.906 Thread 0x0000022cf29d69e0 Thread added: 0x0000022cf29d9770
Event: 310.999 Thread 0x0000022cf29d9260 Thread added: 0x0000022cf29d5fc0
Event: 311.038 Thread 0x0000022cf29047f0 Thread added: 0x0000022cf29d6ef0
Event: 311.201 Thread 0x0000022cf29d6ef0 Thread added: 0x0000022cf29d9c80
Event: 320.428 Thread 0x0000022cf29d8330 Thread exited: 0x0000022cf29d8330
Event: 320.430 Thread 0x0000022cf29d9770 Thread exited: 0x0000022cf29d9770
Event: 320.430 Thread 0x0000022cf29d5fc0 Thread exited: 0x0000022cf29d5fc0
Event: 321.734 Thread 0x0000022cf29d9c80 Thread exited: 0x0000022cf29d9c80
Event: 383.080 Thread 0x0000022cf29d6ef0 Thread exited: 0x0000022cf29d6ef0
Event: 383.125 Thread 0x0000022cf29d69e0 Thread exited: 0x0000022cf29d69e0
Event: 383.136 Thread 0x0000022cf29d9260 Thread exited: 0x0000022cf29d9260
Event: 383.136 Thread 0x0000022cf29d7e20 Thread exited: 0x0000022cf29d7e20


Dynamic libraries:
0x00007ff6232c0000 - 0x00007ff6232ce000 	C:\Java\bin\java.exe
0x00007ffb54ec0000 - 0x00007ffb55125000 	C:\WINDOWS\SYSTEM32\ntdll.dll
0x00007ffb53a80000 - 0x00007ffb53b49000 	C:\WINDOWS\System32\KERNEL32.DLL
0x00007ffb52350000 - 0x00007ffb52738000 	C:\WINDOWS\System32\KERNELBASE.dll
0x00007ffb520d0000 - 0x00007ffb5221b000 	C:\WINDOWS\System32\ucrtbase.dll
0x00007ffb36c80000 - 0x00007ffb36c99000 	C:\Java\bin\jli.dll
0x00007ffb53400000 - 0x00007ffb535ca000 	C:\WINDOWS\System32\USER32.dll
0x00007ffb52a40000 - 0x00007ffb52a67000 	C:\WINDOWS\System32\win32u.dll
0x00007ffb548b0000 - 0x00007ffb548db000 	C:\WINDOWS\System32\GDI32.dll
0x00007ffb52a70000 - 0x00007ffb52ba7000 	C:\WINDOWS\System32\gdi32full.dll
0x00007ffb52bb0000 - 0x00007ffb52c53000 	C:\WINDOWS\System32\msvcp_win.dll
0x00007ffb38850000 - 0x00007ffb3886e000 	C:\Java\bin\VCRUNTIME140.dll
0x00007ffb43960000 - 0x00007ffb43bfa000 	C:\WINDOWS\WinSxS\amd64_microsoft.windows.common-controls_6595b64144ccf1df_6.0.26100.4202_none_3e0698d4e335f517\COMCTL32.dll
0x00007ffb53c70000 - 0x00007ffb53d19000 	C:\WINDOWS\System32\msvcrt.dll
0x00007ffb53c30000 - 0x00007ffb53c60000 	C:\WINDOWS\System32\IMM32.DLL
0x00007ffb43cc0000 - 0x00007ffb43ccc000 	C:\Java\bin\vcruntime140_1.dll
0x00007ffb20620000 - 0x00007ffb206ad000 	C:\Java\bin\msvcp140.dll
0x00007ffaf7160000 - 0x00007ffaf7dd5000 	C:\Java\bin\server\jvm.dll
0x00007ffb52d10000 - 0x00007ffb52dc3000 	C:\WINDOWS\System32\ADVAPI32.dll
0x00007ffb52c60000 - 0x00007ffb52d06000 	C:\WINDOWS\System32\sechost.dll
0x00007ffb52dd0000 - 0x00007ffb52ee5000 	C:\WINDOWS\System32\RPCRT4.dll
0x00007ffb53bb0000 - 0x00007ffb53c24000 	C:\WINDOWS\System32\WS2_32.dll
0x00007ffb50c50000 - 0x00007ffb50cae000 	C:\WINDOWS\SYSTEM32\POWRPROF.dll
0x00007ffb48320000 - 0x00007ffb4832b000 	C:\WINDOWS\SYSTEM32\VERSION.dll
0x00007ffb43c40000 - 0x00007ffb43c75000 	C:\WINDOWS\SYSTEM32\WINMM.dll
0x00007ffb50c30000 - 0x00007ffb50c44000 	C:\WINDOWS\SYSTEM32\UMPDC.dll
0x00007ffb50ef0000 - 0x00007ffb50f0b000 	C:\WINDOWS\SYSTEM32\kernel.appcore.dll
0x00007ffb3f8b0000 - 0x00007ffb3f8ba000 	C:\Java\bin\jimage.dll
0x00007ffb4f800000 - 0x00007ffb4fa41000 	C:\WINDOWS\SYSTEM32\DBGHELP.DLL
0x00007ffb53dd0000 - 0x00007ffb54155000 	C:\WINDOWS\System32\combase.dll
0x00007ffb548e0000 - 0x00007ffb549c1000 	C:\WINDOWS\System32\OLEAUT32.dll
0x00007ffb4f7c0000 - 0x00007ffb4f7f9000 	C:\WINDOWS\SYSTEM32\dbgcore.DLL
0x00007ffb522b0000 - 0x00007ffb52349000 	C:\WINDOWS\System32\bcryptPrimitives.dll
0x00007ffb3f850000 - 0x00007ffb3f85e000 	C:\Java\bin\instrument.dll
0x00007ffb2b920000 - 0x00007ffb2b945000 	C:\Java\bin\java.dll
0x00007ffb07370000 - 0x00007ffb07447000 	C:\Java\bin\jsvml.dll
0x00007ffb54160000 - 0x00007ffb548a2000 	C:\WINDOWS\System32\SHELL32.dll
0x00007ffb528c0000 - 0x00007ffb52a34000 	C:\WINDOWS\System32\wintypes.dll
0x00007ffb4fcd0000 - 0x00007ffb50528000 	C:\WINDOWS\SYSTEM32\windows.storage.dll
0x00007ffb54b80000 - 0x00007ffb54c71000 	C:\WINDOWS\System32\SHCORE.dll
0x00007ffb535d0000 - 0x00007ffb5363a000 	C:\WINDOWS\System32\shlwapi.dll
0x00007ffb51f20000 - 0x00007ffb51f4f000 	C:\WINDOWS\SYSTEM32\profapi.dll
0x00007ffb364c0000 - 0x00007ffb364d8000 	C:\Java\bin\zip.dll
0x00007ffb32b40000 - 0x00007ffb32b59000 	C:\Java\bin\net.dll
0x00007ffb4f3d0000 - 0x00007ffb4f4ee000 	C:\WINDOWS\SYSTEM32\WINHTTP.dll
0x00007ffb51460000 - 0x00007ffb514ca000 	C:\WINDOWS\system32\mswsock.dll
0x00007ffb2a2a0000 - 0x00007ffb2a2b6000 	C:\Java\bin\nio.dll
0x00007ffb4bf20000 - 0x00007ffb4bf30000 	C:\Java\bin\verify.dll
0x00007ffb36ca0000 - 0x00007ffb36cc7000 	C:\Users\seyan\.gradle\native\1def1411415f61bf3af743bc5b6707747c0891f09f0c88961ee8f79bc544acac\windows-amd64\native-platform.dll
0x00007ffb05510000 - 0x00007ffb05588000 	C:\Users\seyan\.gradle\native\0.2.7\x86_64-windows-gnu\gradle-fileevents.dll
0x00007ffb43cb0000 - 0x00007ffb43cb9000 	C:\Java\bin\management.dll
0x00007ffb43140000 - 0x00007ffb4314b000 	C:\Java\bin\management_ext.dll
0x00007ffb53b90000 - 0x00007ffb53b98000 	C:\WINDOWS\System32\PSAPI.DLL
0x00007ffb50890000 - 0x00007ffb508c3000 	C:\WINDOWS\SYSTEM32\IPHLPAPI.DLL
0x00007ffb53b80000 - 0x00007ffb53b8a000 	C:\WINDOWS\System32\NSI.dll
0x00007ffb494a0000 - 0x00007ffb494bf000 	C:\WINDOWS\SYSTEM32\dhcpcsvc6.DLL
0x00007ffb48e60000 - 0x00007ffb48e85000 	C:\WINDOWS\SYSTEM32\dhcpcsvc.DLL
0x00007ffb508d0000 - 0x00007ffb509f7000 	C:\WINDOWS\SYSTEM32\DNSAPI.dll
0x00007ffb43130000 - 0x00007ffb43139000 	C:\Java\bin\extnet.dll
0x00007ffb51710000 - 0x00007ffb5172b000 	C:\WINDOWS\SYSTEM32\CRYPTSP.dll
0x00007ffb50e50000 - 0x00007ffb50e8a000 	C:\WINDOWS\system32\rsaenh.dll
0x00007ffb51500000 - 0x00007ffb5152b000 	C:\WINDOWS\SYSTEM32\USERENV.dll
0x00007ffb51ef0000 - 0x00007ffb51f16000 	C:\WINDOWS\SYSTEM32\bcrypt.dll
0x00007ffb51730000 - 0x00007ffb5173c000 	C:\WINDOWS\SYSTEM32\CRYPTBASE.dll
0x00007ffb354f0000 - 0x00007ffb354fe000 	C:\Java\bin\sunmscapi.dll
0x00007ffb52740000 - 0x00007ffb528b7000 	C:\WINDOWS\System32\CRYPT32.dll
0x00007ffb51930000 - 0x00007ffb51960000 	C:\WINDOWS\SYSTEM32\ncrypt.dll
0x00007ffb518e0000 - 0x00007ffb5191f000 	C:\WINDOWS\SYSTEM32\NTASN1.dll
0x00007ffb2d120000 - 0x00007ffb2d128000 	C:\WINDOWS\system32\wshunix.dll

dbghelp: loaded successfully - version: 4.0.5 - missing functions: none
symbol engine: initialized successfully - sym options: 0x614 - pdb path: .;C:\Java\bin;C:\WINDOWS\SYSTEM32;C:\WINDOWS\WinSxS\amd64_microsoft.windows.common-controls_6595b64144ccf1df_6.0.26100.4202_none_3e0698d4e335f517;C:\Java\bin\server;C:\Users\seyan\.gradle\native\1def1411415f61bf3af743bc5b6707747c0891f09f0c88961ee8f79bc544acac\windows-amd64;C:\Users\seyan\.gradle\native\0.2.7\x86_64-windows-gnu

VM Arguments:
jvm_args: --add-opens=java.base/java.lang=ALL-UNNAMED --add-opens=java.base/java.lang.invoke=ALL-UNNAMED --add-opens=java.base/java.util=ALL-UNNAMED --add-opens=java.prefs/java.util.prefs=ALL-UNNAMED --add-exports=jdk.compiler/com.sun.tools.javac.api=ALL-UNNAMED --add-exports=jdk.compiler/com.sun.tools.javac.util=ALL-UNNAMED --add-opens=java.base/java.util=ALL-UNNAMED --add-opens=java.prefs/java.util.prefs=ALL-UNNAMED --add-opens=java.base/java.nio.charset=ALL-UNNAMED --add-opens=java.base/java.net=ALL-UNNAMED --add-opens=java.base/java.util.concurrent.atomic=ALL-UNNAMED --add-opens=java.xml/javax.xml.namespace=ALL-UNNAMED -XX:MaxMetaspaceSize=384m -XX:+HeapDumpOnOutOfMemoryError -Xms256m -Xmx512m -Dfile.encoding=UTF-8 -Duser.country=KR -Duser.language=ko -Duser.variant -javaagent:C:\Users\seyan\.gradle\wrapper\dists\gradle-8.14.2-bin\2pb3mgt1p815evrl3weanttgr\gradle-8.14.2\lib\agents\gradle-instrumentation-agent-8.14.2.jar 
java_command: org.gradle.launcher.daemon.bootstrap.GradleDaemon 8.14.2
java_class_path (initial): C:\Users\seyan\.gradle\wrapper\dists\gradle-8.14.2-bin\2pb3mgt1p815evrl3weanttgr\gradle-8.14.2\lib\gradle-daemon-main-8.14.2.jar
Launcher Type: SUN_STANDARD

[Global flags]
     intx CICompilerCount                          = 3                                         {product} {ergonomic}
   size_t CompressedClassSpaceSize                 = 335544320                                 {product} {ergonomic}
     uint ConcGCThreads                            = 1                                         {product} {ergonomic}
     uint G1ConcRefinementThreads                  = 4                                         {product} {ergonomic}
   size_t G1HeapRegionSize                         = 1048576                                   {product} {ergonomic}
    uintx GCDrainStackTargetSize                   = 64                                        {product} {ergonomic}
     bool HeapDumpOnOutOfMemoryError               = true                                   {manageable} {command line}
   size_t InitialHeapSize                          = 268435456                                 {product} {command line}
   size_t MarkStackSize                            = 4194304                                   {product} {ergonomic}
   size_t MaxHeapSize                              = 536870912                                 {product} {command line}
   size_t MaxMetaspaceSize                         = 402653184                                 {product} {command line}
   size_t MaxNewSize                               = 321912832                                 {product} {ergonomic}
   size_t MinHeapDeltaBytes                        = 1048576                                   {product} {ergonomic}
   size_t MinHeapSize                              = 268435456                                 {product} {command line}
    uintx NonNMethodCodeHeapSize                   = 5832780                                {pd product} {ergonomic}
    uintx NonProfiledCodeHeapSize                  = 122912730                              {pd product} {ergonomic}
    uintx ProfiledCodeHeapSize                     = 122912730                              {pd product} {ergonomic}
    uintx ReservedCodeCacheSize                    = 251658240                              {pd product} {ergonomic}
     bool SegmentedCodeCache                       = true                                      {product} {ergonomic}
   size_t SoftMaxHeapSize                          = 536870912                              {manageable} {ergonomic}
     bool UseCompressedClassPointers               = true                           {product lp64_product} {ergonomic}
     bool UseCompressedOops                        = true                           {product lp64_product} {ergonomic}
     bool UseG1GC                                  = true                                      {product} {ergonomic}
     bool UseLargePagesIndividualAllocation        = false                                  {pd product} {ergonomic}

Logging:
Log output configuration:
 #0: stdout all=warning uptime,level,tags
 #1: stderr all=off uptime,level,tags

Environment Variables:
JAVA_HOME=C:\Java
PATH=C:\Program Files (x86)\Intel\Intel(R) Management Engine Components\iCLS\;C:\Program Files\Intel\Intel(R) Management Engine Components\iCLS\;C:\WINDOWS\system32;C:\WINDOWS;C:\WINDOWS\System32\Wbem;C:\WINDOWS\System32\WindowsPowerShell\v1.0\;C:\WINDOWS\System32\OpenSSH\;C:\Program Files (x86)\Intel\Intel(R) Management Engine Components\DAL;C:\Program Files\Intel\Intel(R) Management Engine Components\DAL;C:\Program Files\Bandizip\;C:\Java\bin;C:\Program Files\Git\cmd;C:\Users\seyan\AppData\Local\Programs\Python\Python313\Scripts\;C:\Users\seyan\AppData\Local\Programs\Python\Python313\;C:\Users\seyan\AppData\Local\Programs\Python\Launcher\;C:\Users\seyan\AppData\Local\Microsoft\WindowsApps;C:\Users\seyan\AppData\Local\Programs\Microsoft VS Code\bin;
USERNAME=seyan
OS=Windows_NT
PROCESSOR_IDENTIFIER=Intel64 Family 6 Model 142 Stepping 12, GenuineIntel
TMP=C:\Users\seyan\AppData\Local\Temp
TEMP=C:\Users\seyan\AppData\Local\Temp



Periodic native trim disabled


---------------  S Y S T E M  ---------------

OS:
 Windows 11 , 64 bit Build 26100 (10.0.26100.4202)
OS uptime: 2 days 1:04 hours

CPU: total 4 (initial active 4) (2 cores per cpu, 2 threads per core) family 6 model 142 stepping 12 microcode 0xde, cx8, cmov, fxsr, ht, mmx, 3dnowpref, sse, sse2, sse3, ssse3, sse4.1, sse4.2, popcnt, lzcnt, tsc, tscinvbit, avx, avx2, aes, erms, clmul, bmi1, bmi2, adx, fma, vzeroupper, clflush, clflushopt
Processor Information for all 4 processors :
  Max Mhz: 2304, Current Mhz: 2103, Mhz Limit: 2096

Memory: 4k page, system-wide physical 7986M (223M free)
TotalPageFile size 32562M (AvailPageFile size 2M)
current process WorkingSet (physical memory assigned to process): 46M, peak: 152M
current process commit charge ("private bytes"): 404M, peak: 410M

vm_info: OpenJDK 64-Bit Server VM (17.0.15+6-LTS) for windows-amd64 JRE (17.0.15+6-LTS) (Zulu17.58+21-CA), built on Apr  4 2025 15:28:26 by "zulu_re" with MS VC++ 16.10 / 16.11 (VS2019)

END.
